/home/gabriela/dina_movement_teleop/install/robot_mqtt/lib/python3.10/site-packages/robot_mqtt/robot_tracker.py
/home/gabriela/dina_movement_teleop/install/robot_mqtt/lib/python3.10/site-packages/robot_mqtt/video_publisher.py
/home/gabriela/dina_movement_teleop/install/robot_mqtt/lib/python3.10/site-packages/robot_mqtt/teleop_node.py
/home/gabriela/dina_movement_teleop/install/robot_mqtt/lib/python3.10/site-packages/robot_mqtt/teleop_interface.py
/home/gabriela/dina_movement_teleop/install/robot_mqtt/lib/python3.10/site-packages/robot_mqtt/teleop_node2.py
/home/gabriela/dina_movement_teleop/install/robot_mqtt/lib/python3.10/site-packages/robot_mqtt/teleop_interface2.py
/home/gabriela/dina_movement_teleop/install/robot_mqtt/lib/python3.10/site-packages/robot_mqtt/velocity_calculator.py
/home/gabriela/dina_movement_teleop/install/robot_mqtt/lib/python3.10/site-packages/robot_mqtt/position_estimator.py
/home/gabriela/dina_movement_teleop/install/robot_mqtt/lib/python3.10/site-packages/robot_mqtt/teleop_Snode.py
/home/gabriela/dina_movement_teleop/install/robot_mqtt/lib/python3.10/site-packages/robot_mqtt/teleop_Snode2.py
/home/gabriela/dina_movement_teleop/install/robot_mqtt/lib/python3.10/site-packages/robot_mqtt/__init__.py
/home/gabriela/dina_movement_teleop/install/robot_mqtt/lib/python3.10/site-packages/robot_mqtt/__pycache__/robot_tracker.cpython-310.pyc
/home/gabriela/dina_movement_teleop/install/robot_mqtt/lib/python3.10/site-packages/robot_mqtt/__pycache__/video_publisher.cpython-310.pyc
/home/gabriela/dina_movement_teleop/install/robot_mqtt/lib/python3.10/site-packages/robot_mqtt/__pycache__/teleop_node.cpython-310.pyc
/home/gabriela/dina_movement_teleop/install/robot_mqtt/lib/python3.10/site-packages/robot_mqtt/__pycache__/teleop_interface.cpython-310.pyc
/home/gabriela/dina_movement_teleop/install/robot_mqtt/lib/python3.10/site-packages/robot_mqtt/__pycache__/teleop_node2.cpython-310.pyc
/home/gabriela/dina_movement_teleop/install/robot_mqtt/lib/python3.10/site-packages/robot_mqtt/__pycache__/teleop_interface2.cpython-310.pyc
/home/gabriela/dina_movement_teleop/install/robot_mqtt/lib/python3.10/site-packages/robot_mqtt/__pycache__/velocity_calculator.cpython-310.pyc
/home/gabriela/dina_movement_teleop/install/robot_mqtt/lib/python3.10/site-packages/robot_mqtt/__pycache__/position_estimator.cpython-310.pyc
/home/gabriela/dina_movement_teleop/install/robot_mqtt/lib/python3.10/site-packages/robot_mqtt/__pycache__/teleop_Snode.cpython-310.pyc
/home/gabriela/dina_movement_teleop/install/robot_mqtt/lib/python3.10/site-packages/robot_mqtt/__pycache__/teleop_Snode2.cpython-310.pyc
/home/gabriela/dina_movement_teleop/install/robot_mqtt/lib/python3.10/site-packages/robot_mqtt/__pycache__/__init__.cpython-310.pyc
/home/gabriela/dina_movement_teleop/install/robot_mqtt/share/ament_index/resource_index/packages/robot_mqtt
/home/gabriela/dina_movement_teleop/install/robot_mqtt/share/robot_mqtt/package.xml
/home/gabriela/dina_movement_teleop/install/robot_mqtt/lib/python3.10/site-packages/robot_mqtt-0.0.1-py3.10.egg-info/SOURCES.txt
/home/gabriela/dina_movement_teleop/install/robot_mqtt/lib/python3.10/site-packages/robot_mqtt-0.0.1-py3.10.egg-info/zip-safe
/home/gabriela/dina_movement_teleop/install/robot_mqtt/lib/python3.10/site-packages/robot_mqtt-0.0.1-py3.10.egg-info/requires.txt
/home/gabriela/dina_movement_teleop/install/robot_mqtt/lib/python3.10/site-packages/robot_mqtt-0.0.1-py3.10.egg-info/top_level.txt
/home/gabriela/dina_movement_teleop/install/robot_mqtt/lib/python3.10/site-packages/robot_mqtt-0.0.1-py3.10.egg-info/entry_points.txt
/home/gabriela/dina_movement_teleop/install/robot_mqtt/lib/python3.10/site-packages/robot_mqtt-0.0.1-py3.10.egg-info/dependency_links.txt
/home/gabriela/dina_movement_teleop/install/robot_mqtt/lib/python3.10/site-packages/robot_mqtt-0.0.1-py3.10.egg-info/PKG-INFO
/home/gabriela/dina_movement_teleop/install/robot_mqtt/lib/robot_mqtt/robot_mqtt
/home/gabriela/dina_movement_teleop/install/robot_mqtt/lib/robot_mqtt/robot_tracker = robot_mqtt.robot_tracker:mainposition_estimator
/home/gabriela/dina_movement_teleop/install/robot_mqtt/lib/robot_mqtt/teleop_Snode
/home/gabriela/dina_movement_teleop/install/robot_mqtt/lib/robot_mqtt/teleop_Snode2
/home/gabriela/dina_movement_teleop/install/robot_mqtt/lib/robot_mqtt/teleop_interface
/home/gabriela/dina_movement_teleop/install/robot_mqtt/lib/robot_mqtt/teleop_interface2
/home/gabriela/dina_movement_teleop/install/robot_mqtt/lib/robot_mqtt/teleop_node
/home/gabriela/dina_movement_teleop/install/robot_mqtt/lib/robot_mqtt/teleop_node2
/home/gabriela/dina_movement_teleop/install/robot_mqtt/lib/robot_mqtt/velocity_calculator
/home/gabriela/dina_movement_teleop/install/robot_mqtt/lib/robot_mqtt/video_publisher
