[0.061s] DEBUG:colcon:Command line arguments: ['/usr/bin/colcon', 'build']
[0.061s] DEBUG:colcon:Parsed command line arguments: Namespace(log_base=None, log_level=None, verb_name='build', build_base='build', install_base='install', merge_install=False, symlink_install=False, test_result_base=None, continue_on_error=False, executor='parallel', parallel_workers=12, event_handlers=None, ignore_user_meta=False, metas=['./colcon.meta'], base_paths=['.'], packages_ignore=None, packages_ignore_regex=None, paths=None, packages_up_to=None, packages_up_to_regex=None, packages_above=None, packages_above_and_dependencies=None, packages_above_depth=None, packages_select_by_dep=None, packages_skip_by_dep=None, packages_skip_up_to=None, packages_select_build_failed=False, packages_skip_build_finished=False, packages_select_test_failures=False, packages_skip_test_passed=False, packages_select=None, packages_skip=None, packages_select_regex=None, packages_skip_regex=None, packages_start=None, packages_end=None, allow_overriding=[], cmake_args=None, cmake_target=None, cmake_target_skip_unavailable=False, cmake_clean_cache=False, cmake_clean_first=False, cmake_force_configure=False, ament_cmake_args=None, catkin_cmake_args=None, catkin_skip_building_tests=False, verb_parser=<colcon_defaults.argument_parser.defaults.DefaultArgumentsDecorator object at 0x7093b7358400>, verb_extension=<colcon_core.verb.build.BuildVerb object at 0x7093b731be80>, main=<bound method BuildVerb.main of <colcon_core.verb.build.BuildVerb object at 0x7093b731be80>>)
[0.141s] Level 1:colcon.colcon_core.package_discovery:discover_packages(colcon_meta) check parameters
[0.141s] Level 1:colcon.colcon_core.package_discovery:discover_packages(recursive) check parameters
[0.141s] Level 1:colcon.colcon_core.package_discovery:discover_packages(ignore) check parameters
[0.141s] Level 1:colcon.colcon_core.package_discovery:discover_packages(path) check parameters
[0.141s] Level 1:colcon.colcon_core.package_discovery:discover_packages(colcon_meta) discover
[0.141s] Level 1:colcon.colcon_core.package_discovery:discover_packages(recursive) discover
[0.141s] INFO:colcon.colcon_core.package_discovery:Crawling recursively for packages in '/home/gabriela/dina_movement_teleop'
[0.141s] Level 1:colcon.colcon_core.package_identification:_identify(.) by extensions ['ignore', 'ignore_ament_install']
[0.141s] Level 1:colcon.colcon_core.package_identification:_identify(.) by extension 'ignore'
[0.141s] Level 1:colcon.colcon_core.package_identification:_identify(.) by extension 'ignore_ament_install'
[0.141s] Level 1:colcon.colcon_core.package_identification:_identify(.) by extensions ['colcon_pkg']
[0.141s] Level 1:colcon.colcon_core.package_identification:_identify(.) by extension 'colcon_pkg'
[0.141s] Level 1:colcon.colcon_core.package_identification:_identify(.) by extensions ['colcon_meta']
[0.141s] Level 1:colcon.colcon_core.package_identification:_identify(.) by extension 'colcon_meta'
[0.141s] Level 1:colcon.colcon_core.package_identification:_identify(.) by extensions ['ros']
[0.141s] Level 1:colcon.colcon_core.package_identification:_identify(.) by extension 'ros'
[0.148s] Level 1:colcon.colcon_core.package_identification:_identify(.) by extensions ['cmake', 'python']
[0.148s] Level 1:colcon.colcon_core.package_identification:_identify(.) by extension 'cmake'
[0.148s] Level 1:colcon.colcon_core.package_identification:_identify(.) by extension 'python'
[0.148s] Level 1:colcon.colcon_core.package_identification:_identify(.) by extensions ['python_setup_py']
[0.148s] Level 1:colcon.colcon_core.package_identification:_identify(.) by extension 'python_setup_py'
[0.148s] Level 1:colcon.colcon_core.package_identification:_identify(build) by extensions ['ignore', 'ignore_ament_install']
[0.148s] Level 1:colcon.colcon_core.package_identification:_identify(build) by extension 'ignore'
[0.148s] Level 1:colcon.colcon_core.package_identification:_identify(build) ignored
[0.148s] Level 1:colcon.colcon_core.package_identification:_identify(install) by extensions ['ignore', 'ignore_ament_install']
[0.148s] Level 1:colcon.colcon_core.package_identification:_identify(install) by extension 'ignore'
[0.148s] Level 1:colcon.colcon_core.package_identification:_identify(install) ignored
[0.148s] Level 1:colcon.colcon_core.package_identification:_identify(log) by extensions ['ignore', 'ignore_ament_install']
[0.148s] Level 1:colcon.colcon_core.package_identification:_identify(log) by extension 'ignore'
[0.148s] Level 1:colcon.colcon_core.package_identification:_identify(log) ignored
[0.148s] Level 1:colcon.colcon_core.package_identification:_identify(robot1) by extensions ['ignore', 'ignore_ament_install']
[0.148s] Level 1:colcon.colcon_core.package_identification:_identify(robot1) by extension 'ignore'
[0.148s] Level 1:colcon.colcon_core.package_identification:_identify(robot1) by extension 'ignore_ament_install'
[0.148s] Level 1:colcon.colcon_core.package_identification:_identify(robot1) by extensions ['colcon_pkg']
[0.148s] Level 1:colcon.colcon_core.package_identification:_identify(robot1) by extension 'colcon_pkg'
[0.148s] Level 1:colcon.colcon_core.package_identification:_identify(robot1) by extensions ['colcon_meta']
[0.148s] Level 1:colcon.colcon_core.package_identification:_identify(robot1) by extension 'colcon_meta'
[0.148s] Level 1:colcon.colcon_core.package_identification:_identify(robot1) by extensions ['ros']
[0.148s] Level 1:colcon.colcon_core.package_identification:_identify(robot1) by extension 'ros'
[0.148s] Level 1:colcon.colcon_core.package_identification:_identify(robot1) by extensions ['cmake', 'python']
[0.148s] Level 1:colcon.colcon_core.package_identification:_identify(robot1) by extension 'cmake'
[0.148s] Level 1:colcon.colcon_core.package_identification:_identify(robot1) by extension 'python'
[0.148s] Level 1:colcon.colcon_core.package_identification:_identify(robot1) by extensions ['python_setup_py']
[0.148s] Level 1:colcon.colcon_core.package_identification:_identify(robot1) by extension 'python_setup_py'
[0.148s] Level 1:colcon.colcon_core.package_identification:_identify(robot2) by extensions ['ignore', 'ignore_ament_install']
[0.149s] Level 1:colcon.colcon_core.package_identification:_identify(robot2) by extension 'ignore'
[0.149s] Level 1:colcon.colcon_core.package_identification:_identify(robot2) by extension 'ignore_ament_install'
[0.149s] Level 1:colcon.colcon_core.package_identification:_identify(robot2) by extensions ['colcon_pkg']
[0.149s] Level 1:colcon.colcon_core.package_identification:_identify(robot2) by extension 'colcon_pkg'
[0.149s] Level 1:colcon.colcon_core.package_identification:_identify(robot2) by extensions ['colcon_meta']
[0.149s] Level 1:colcon.colcon_core.package_identification:_identify(robot2) by extension 'colcon_meta'
[0.149s] Level 1:colcon.colcon_core.package_identification:_identify(robot2) by extensions ['ros']
[0.149s] Level 1:colcon.colcon_core.package_identification:_identify(robot2) by extension 'ros'
[0.149s] Level 1:colcon.colcon_core.package_identification:_identify(robot2) by extensions ['cmake', 'python']
[0.149s] Level 1:colcon.colcon_core.package_identification:_identify(robot2) by extension 'cmake'
[0.149s] Level 1:colcon.colcon_core.package_identification:_identify(robot2) by extension 'python'
[0.149s] Level 1:colcon.colcon_core.package_identification:_identify(robot2) by extensions ['python_setup_py']
[0.149s] Level 1:colcon.colcon_core.package_identification:_identify(robot2) by extension 'python_setup_py'
[0.149s] Level 1:colcon.colcon_core.package_identification:_identify(src) by extensions ['ignore', 'ignore_ament_install']
[0.149s] Level 1:colcon.colcon_core.package_identification:_identify(src) by extension 'ignore'
[0.149s] Level 1:colcon.colcon_core.package_identification:_identify(src) by extension 'ignore_ament_install'
[0.149s] Level 1:colcon.colcon_core.package_identification:_identify(src) by extensions ['colcon_pkg']
[0.149s] Level 1:colcon.colcon_core.package_identification:_identify(src) by extension 'colcon_pkg'
[0.149s] Level 1:colcon.colcon_core.package_identification:_identify(src) by extensions ['colcon_meta']
[0.149s] Level 1:colcon.colcon_core.package_identification:_identify(src) by extension 'colcon_meta'
[0.149s] Level 1:colcon.colcon_core.package_identification:_identify(src) by extensions ['ros']
[0.149s] Level 1:colcon.colcon_core.package_identification:_identify(src) by extension 'ros'
[0.149s] Level 1:colcon.colcon_core.package_identification:_identify(src) by extensions ['cmake', 'python']
[0.149s] Level 1:colcon.colcon_core.package_identification:_identify(src) by extension 'cmake'
[0.149s] Level 1:colcon.colcon_core.package_identification:_identify(src) by extension 'python'
[0.149s] Level 1:colcon.colcon_core.package_identification:_identify(src) by extensions ['python_setup_py']
[0.149s] Level 1:colcon.colcon_core.package_identification:_identify(src) by extension 'python_setup_py'
[0.149s] Level 1:colcon.colcon_core.package_identification:_identify(src/build) by extensions ['ignore', 'ignore_ament_install']
[0.149s] Level 1:colcon.colcon_core.package_identification:_identify(src/build) by extension 'ignore'
[0.149s] Level 1:colcon.colcon_core.package_identification:_identify(src/build) ignored
[0.149s] Level 1:colcon.colcon_core.package_identification:_identify(src/install) by extensions ['ignore', 'ignore_ament_install']
[0.149s] Level 1:colcon.colcon_core.package_identification:_identify(src/install) by extension 'ignore'
[0.149s] Level 1:colcon.colcon_core.package_identification:_identify(src/install) ignored
[0.149s] Level 1:colcon.colcon_core.package_identification:_identify(src/log) by extensions ['ignore', 'ignore_ament_install']
[0.149s] Level 1:colcon.colcon_core.package_identification:_identify(src/log) by extension 'ignore'
[0.149s] Level 1:colcon.colcon_core.package_identification:_identify(src/log) ignored
[0.149s] Level 1:colcon.colcon_core.package_identification:_identify(src/robot_mqtt) by extensions ['ignore', 'ignore_ament_install']
[0.149s] Level 1:colcon.colcon_core.package_identification:_identify(src/robot_mqtt) by extension 'ignore'
[0.149s] Level 1:colcon.colcon_core.package_identification:_identify(src/robot_mqtt) by extension 'ignore_ament_install'
[0.149s] Level 1:colcon.colcon_core.package_identification:_identify(src/robot_mqtt) by extensions ['colcon_pkg']
[0.149s] Level 1:colcon.colcon_core.package_identification:_identify(src/robot_mqtt) by extension 'colcon_pkg'
[0.149s] Level 1:colcon.colcon_core.package_identification:_identify(src/robot_mqtt) by extensions ['colcon_meta']
[0.149s] Level 1:colcon.colcon_core.package_identification:_identify(src/robot_mqtt) by extension 'colcon_meta'
[0.149s] Level 1:colcon.colcon_core.package_identification:_identify(src/robot_mqtt) by extensions ['ros']
[0.149s] Level 1:colcon.colcon_core.package_identification:_identify(src/robot_mqtt) by extension 'ros'
[0.151s] DEBUG:colcon.colcon_core.package_identification:Package 'src/robot_mqtt' with type 'ros.ament_python' and name 'robot_mqtt'
[0.151s] Level 1:colcon.colcon_core.package_discovery:discover_packages(recursive) using defaults
[0.151s] Level 1:colcon.colcon_core.package_discovery:discover_packages(ignore) discover
[0.151s] Level 1:colcon.colcon_core.package_discovery:discover_packages(ignore) using defaults
[0.151s] Level 1:colcon.colcon_core.package_discovery:discover_packages(path) discover
[0.151s] Level 1:colcon.colcon_core.package_discovery:discover_packages(path) using defaults
[0.162s] Level 1:colcon.colcon_core.package_discovery:discover_packages(prefix_path) check parameters
[0.162s] Level 1:colcon.colcon_core.package_discovery:discover_packages(prefix_path) discover
[0.163s] DEBUG:colcon.colcon_installed_package_information.package_discovery:Found 1 installed packages in /home/gabriela/dina_movement_teleop/install
[0.163s] DEBUG:colcon.colcon_installed_package_information.package_discovery:Found 1 installed packages in /home/gabriela/ros-humble-ros1-bridge/install
[0.163s] DEBUG:colcon.colcon_installed_package_information.package_discovery:Found 2 installed packages in /home/gabriela/vsss_ws/install
[0.164s] DEBUG:colcon.colcon_installed_package_information.package_discovery:Found 271 installed packages in /opt/ros/humble
[0.171s] Level 1:colcon.colcon_core.package_discovery:discover_packages(prefix_path) using defaults
[0.196s] Level 5:colcon.colcon_core.verb:set package 'robot_mqtt' build argument 'cmake_args' from command line to 'None'
[0.196s] Level 5:colcon.colcon_core.verb:set package 'robot_mqtt' build argument 'cmake_target' from command line to 'None'
[0.196s] Level 5:colcon.colcon_core.verb:set package 'robot_mqtt' build argument 'cmake_target_skip_unavailable' from command line to 'False'
[0.196s] Level 5:colcon.colcon_core.verb:set package 'robot_mqtt' build argument 'cmake_clean_cache' from command line to 'False'
[0.196s] Level 5:colcon.colcon_core.verb:set package 'robot_mqtt' build argument 'cmake_clean_first' from command line to 'False'
[0.196s] Level 5:colcon.colcon_core.verb:set package 'robot_mqtt' build argument 'cmake_force_configure' from command line to 'False'
[0.196s] Level 5:colcon.colcon_core.verb:set package 'robot_mqtt' build argument 'ament_cmake_args' from command line to 'None'
[0.196s] Level 5:colcon.colcon_core.verb:set package 'robot_mqtt' build argument 'catkin_cmake_args' from command line to 'None'
[0.196s] Level 5:colcon.colcon_core.verb:set package 'robot_mqtt' build argument 'catkin_skip_building_tests' from command line to 'False'
[0.196s] DEBUG:colcon.colcon_core.verb:Building package 'robot_mqtt' with the following arguments: {'ament_cmake_args': None, 'build_base': '/home/gabriela/dina_movement_teleop/build/robot_mqtt', 'catkin_cmake_args': None, 'catkin_skip_building_tests': False, 'cmake_args': None, 'cmake_clean_cache': False, 'cmake_clean_first': False, 'cmake_force_configure': False, 'cmake_target': None, 'cmake_target_skip_unavailable': False, 'install_base': '/home/gabriela/dina_movement_teleop/install/robot_mqtt', 'merge_install': False, 'path': '/home/gabriela/dina_movement_teleop/src/robot_mqtt', 'symlink_install': False, 'test_result_base': None}
[0.196s] INFO:colcon.colcon_core.executor:Executing jobs using 'parallel' executor
[0.197s] DEBUG:colcon.colcon_parallel_executor.executor.parallel:run_until_complete
[0.197s] INFO:colcon.colcon_ros.task.ament_python.build:Building ROS package in '/home/gabriela/dina_movement_teleop/src/robot_mqtt' with build type 'ament_python'
[0.197s] Level 1:colcon.colcon_core.shell:create_environment_hook('robot_mqtt', 'ament_prefix_path')
[0.199s] INFO:colcon.colcon_core.plugin_system:Skipping extension 'colcon_core.shell.bat': Not used on non-Windows systems
[0.199s] INFO:colcon.colcon_core.shell:Creating environment hook '/home/gabriela/dina_movement_teleop/install/robot_mqtt/share/robot_mqtt/hook/ament_prefix_path.ps1'
[0.199s] INFO:colcon.colcon_core.shell:Creating environment descriptor '/home/gabriela/dina_movement_teleop/install/robot_mqtt/share/robot_mqtt/hook/ament_prefix_path.dsv'
[0.199s] INFO:colcon.colcon_core.shell:Creating environment hook '/home/gabriela/dina_movement_teleop/install/robot_mqtt/share/robot_mqtt/hook/ament_prefix_path.sh'
[0.200s] INFO:colcon.colcon_core.shell:Skip shell extension 'powershell' for command environment: Not usable outside of PowerShell
[0.200s] DEBUG:colcon.colcon_core.shell:Skip shell extension 'dsv' for command environment
[0.341s] INFO:colcon.colcon_core.task.python.build:Building Python package in '/home/gabriela/dina_movement_teleop/src/robot_mqtt'
[0.341s] INFO:colcon.colcon_core.shell:Skip shell extension 'powershell' for command environment: Not usable outside of PowerShell
[0.341s] DEBUG:colcon.colcon_core.shell:Skip shell extension 'dsv' for command environment
[0.521s] DEBUG:colcon.colcon_core.event_handler.log_command:Invoking command in '/home/gabriela/dina_movement_teleop/src/robot_mqtt': PYTHONPATH=/home/gabriela/dina_movement_teleop/build/robot_mqtt/prefix_override:/usr/lib/python3/dist-packages/colcon_core/task/python/colcon_distutils_commands:/home/gabriela/dina_movement_teleop/install/robot_mqtt/lib/python3.10/site-packages:${PYTHONPATH} /usr/bin/python3 -W ignore:setup.py install is deprecated -W ignore:easy_install command is deprecated setup.py egg_info --egg-base ../../build/robot_mqtt build --build-base /home/gabriela/dina_movement_teleop/build/robot_mqtt/build install --record /home/gabriela/dina_movement_teleop/build/robot_mqtt/install.log --single-version-externally-managed install_data
[0.673s] DEBUG:colcon.colcon_core.event_handler.log_command:Invoked command in '/home/gabriela/dina_movement_teleop/src/robot_mqtt' returned '0': PYTHONPATH=/home/gabriela/dina_movement_teleop/build/robot_mqtt/prefix_override:/usr/lib/python3/dist-packages/colcon_core/task/python/colcon_distutils_commands:/home/gabriela/dina_movement_teleop/install/robot_mqtt/lib/python3.10/site-packages:${PYTHONPATH} /usr/bin/python3 -W ignore:setup.py install is deprecated -W ignore:easy_install command is deprecated setup.py egg_info --egg-base ../../build/robot_mqtt build --build-base /home/gabriela/dina_movement_teleop/build/robot_mqtt/build install --record /home/gabriela/dina_movement_teleop/build/robot_mqtt/install.log --single-version-externally-managed install_data
[0.676s] Level 1:colcon.colcon_core.environment:checking '/home/gabriela/dina_movement_teleop/install/robot_mqtt' for CMake module files
[0.676s] Level 1:colcon.colcon_core.environment:checking '/home/gabriela/dina_movement_teleop/install/robot_mqtt' for CMake config files
[0.677s] Level 1:colcon.colcon_core.environment:checking '/home/gabriela/dina_movement_teleop/install/robot_mqtt/lib'
[0.677s] Level 1:colcon.colcon_core.environment:checking '/home/gabriela/dina_movement_teleop/install/robot_mqtt/bin'
[0.677s] Level 1:colcon.colcon_core.environment:checking '/home/gabriela/dina_movement_teleop/install/robot_mqtt/lib/pkgconfig/robot_mqtt.pc'
[0.677s] Level 1:colcon.colcon_core.environment:checking '/home/gabriela/dina_movement_teleop/install/robot_mqtt/lib/python3.10/site-packages'
[0.678s] Level 1:colcon.colcon_core.shell:create_environment_hook('robot_mqtt', 'pythonpath')
[0.678s] INFO:colcon.colcon_core.shell:Creating environment hook '/home/gabriela/dina_movement_teleop/install/robot_mqtt/share/robot_mqtt/hook/pythonpath.ps1'
[0.678s] INFO:colcon.colcon_core.shell:Creating environment descriptor '/home/gabriela/dina_movement_teleop/install/robot_mqtt/share/robot_mqtt/hook/pythonpath.dsv'
[0.679s] INFO:colcon.colcon_core.shell:Creating environment hook '/home/gabriela/dina_movement_teleop/install/robot_mqtt/share/robot_mqtt/hook/pythonpath.sh'
[0.679s] Level 1:colcon.colcon_core.environment:checking '/home/gabriela/dina_movement_teleop/install/robot_mqtt/bin'
[0.679s] Level 1:colcon.colcon_core.environment:create_environment_scripts_only(robot_mqtt)
[0.680s] INFO:colcon.colcon_core.shell:Creating package script '/home/gabriela/dina_movement_teleop/install/robot_mqtt/share/robot_mqtt/package.ps1'
[0.680s] INFO:colcon.colcon_core.shell:Creating package descriptor '/home/gabriela/dina_movement_teleop/install/robot_mqtt/share/robot_mqtt/package.dsv'
[0.681s] INFO:colcon.colcon_core.shell:Creating package script '/home/gabriela/dina_movement_teleop/install/robot_mqtt/share/robot_mqtt/package.sh'
[0.682s] INFO:colcon.colcon_core.shell:Creating package script '/home/gabriela/dina_movement_teleop/install/robot_mqtt/share/robot_mqtt/package.bash'
[0.682s] INFO:colcon.colcon_core.shell:Creating package script '/home/gabriela/dina_movement_teleop/install/robot_mqtt/share/robot_mqtt/package.zsh'
[0.683s] Level 1:colcon.colcon_core.environment:create_file_with_runtime_dependencies(/home/gabriela/dina_movement_teleop/install/robot_mqtt/share/colcon-core/packages/robot_mqtt)
[0.683s] DEBUG:colcon.colcon_parallel_executor.executor.parallel:closing loop
[0.684s] DEBUG:colcon.colcon_parallel_executor.executor.parallel:loop closed
[0.684s] DEBUG:colcon.colcon_parallel_executor.executor.parallel:run_until_complete finished with '0'
[0.684s] DEBUG:colcon.colcon_core.event_reactor:joining thread
[0.687s] INFO:colcon.colcon_core.plugin_system:Skipping extension 'colcon_notification.desktop_notification.terminal_notifier': Not used on non-Darwin systems
[0.687s] INFO:colcon.colcon_core.plugin_system:Skipping extension 'colcon_notification.desktop_notification.win32': Not used on non-Windows systems
[0.687s] INFO:colcon.colcon_notification.desktop_notification:Sending desktop notification using 'notify2'
[0.696s] DEBUG:colcon.colcon_core.event_reactor:joined thread
[0.696s] INFO:colcon.colcon_core.shell:Creating prefix script '/home/gabriela/dina_movement_teleop/install/local_setup.ps1'
[0.697s] INFO:colcon.colcon_core.shell:Creating prefix util module '/home/gabriela/dina_movement_teleop/install/_local_setup_util_ps1.py'
[0.698s] INFO:colcon.colcon_core.shell:Creating prefix chain script '/home/gabriela/dina_movement_teleop/install/setup.ps1'
[0.699s] INFO:colcon.colcon_core.shell:Creating prefix script '/home/gabriela/dina_movement_teleop/install/local_setup.sh'
[0.699s] INFO:colcon.colcon_core.shell:Creating prefix util module '/home/gabriela/dina_movement_teleop/install/_local_setup_util_sh.py'
[0.700s] INFO:colcon.colcon_core.shell:Creating prefix chain script '/home/gabriela/dina_movement_teleop/install/setup.sh'
[0.700s] INFO:colcon.colcon_core.shell:Creating prefix script '/home/gabriela/dina_movement_teleop/install/local_setup.bash'
[0.701s] INFO:colcon.colcon_core.shell:Creating prefix chain script '/home/gabriela/dina_movement_teleop/install/setup.bash'
[0.701s] INFO:colcon.colcon_core.shell:Creating prefix script '/home/gabriela/dina_movement_teleop/install/local_setup.zsh'
[0.701s] INFO:colcon.colcon_core.shell:Creating prefix chain script '/home/gabriela/dina_movement_teleop/install/setup.zsh'
