running egg_info
creating ../../build/launch_teleop2/launch_teleop2.egg-info
writing ../../build/launch_teleop2/launch_teleop2.egg-info/PKG-INFO
writing dependency_links to ../../build/launch_teleop2/launch_teleop2.egg-info/dependency_links.txt
writing entry points to ../../build/launch_teleop2/launch_teleop2.egg-info/entry_points.txt
writing requirements to ../../build/launch_teleop2/launch_teleop2.egg-info/requires.txt
writing top-level names to ../../build/launch_teleop2/launch_teleop2.egg-info/top_level.txt
writing manifest file '../../build/launch_teleop2/launch_teleop2.egg-info/SOURCES.txt'
reading manifest file '../../build/launch_teleop2/launch_teleop2.egg-info/SOURCES.txt'
writing manifest file '../../build/launch_teleop2/launch_teleop2.egg-info/SOURCES.txt'
running build
running build_py
creating /home/gabriela/dina_movement_teleop/build/launch_teleop2/build
creating /home/gabriela/dina_movement_teleop/build/launch_teleop2/build/lib
creating /home/gabriela/dina_movement_teleop/build/launch_teleop2/build/lib/launch_teleop
copying launch_teleop/teleop_node2.py -> /home/gabriela/dina_movement_teleop/build/launch_teleop2/build/lib/launch_teleop
copying launch_teleop/teleop_interface2.py -> /home/gabriela/dina_movement_teleop/build/launch_teleop2/build/lib/launch_teleop
copying launch_teleop/teleop.Snode2.py -> /home/gabriela/dina_movement_teleop/build/launch_teleop2/build/lib/launch_teleop
copying launch_teleop/__init__.py -> /home/gabriela/dina_movement_teleop/build/launch_teleop2/build/lib/launch_teleop
running install
running install_lib
creating /home/gabriela/dina_movement_teleop/install/launch_teleop2/lib/python3.10/site-packages/launch_teleop
copying /home/gabriela/dina_movement_teleop/build/launch_teleop2/build/lib/launch_teleop/teleop_node2.py -> /home/gabriela/dina_movement_teleop/install/launch_teleop2/lib/python3.10/site-packages/launch_teleop
copying /home/gabriela/dina_movement_teleop/build/launch_teleop2/build/lib/launch_teleop/teleop_interface2.py -> /home/gabriela/dina_movement_teleop/install/launch_teleop2/lib/python3.10/site-packages/launch_teleop
copying /home/gabriela/dina_movement_teleop/build/launch_teleop2/build/lib/launch_teleop/teleop.Snode2.py -> /home/gabriela/dina_movement_teleop/install/launch_teleop2/lib/python3.10/site-packages/launch_teleop
copying /home/gabriela/dina_movement_teleop/build/launch_teleop2/build/lib/launch_teleop/__init__.py -> /home/gabriela/dina_movement_teleop/install/launch_teleop2/lib/python3.10/site-packages/launch_teleop
byte-compiling /home/gabriela/dina_movement_teleop/install/launch_teleop2/lib/python3.10/site-packages/launch_teleop/teleop_node2.py to teleop_node2.cpython-310.pyc
byte-compiling /home/gabriela/dina_movement_teleop/install/launch_teleop2/lib/python3.10/site-packages/launch_teleop/teleop_interface2.py to teleop_interface2.cpython-310.pyc
byte-compiling /home/gabriela/dina_movement_teleop/install/launch_teleop2/lib/python3.10/site-packages/launch_teleop/teleop.Snode2.py to teleop.Snode2.cpython-310.pyc
byte-compiling /home/gabriela/dina_movement_teleop/install/launch_teleop2/lib/python3.10/site-packages/launch_teleop/__init__.py to __init__.cpython-310.pyc
running install_data
creating /home/gabriela/dina_movement_teleop/install/launch_teleop2/share/ament_index
creating /home/gabriela/dina_movement_teleop/install/launch_teleop2/share/ament_index/resource_index
creating /home/gabriela/dina_movement_teleop/install/launch_teleop2/share/ament_index/resource_index/packages
