[0.661s] Invoking command in '/home/gabriela/dina_movement_teleop/src/launch_teleop2': PYTHONPATH=/home/gabriela/dina_movement_teleop/build/launch_teleop2/prefix_override:/usr/lib/python3/dist-packages/colcon_core/task/python/colcon_distutils_commands:/home/gabriela/dina_movement_teleop/install/launch_teleop2/lib/python3.10/site-packages:${PYTHONPATH} /usr/bin/python3 -W ignore:setup.py install is deprecated -W ignore:easy_install command is deprecated setup.py egg_info --egg-base ../../build/launch_teleop2 build --build-base /home/gabriela/dina_movement_teleop/build/launch_teleop2/build install --record /home/gabriela/dina_movement_teleop/build/launch_teleop2/install.log --single-version-externally-managed install_data
[0.797s] running egg_info
[0.797s] creating ../../build/launch_teleop2/launch_teleop2.egg-info
[0.797s] writing ../../build/launch_teleop2/launch_teleop2.egg-info/PKG-INFO
[0.798s] writing dependency_links to ../../build/launch_teleop2/launch_teleop2.egg-info/dependency_links.txt
[0.798s] writing entry points to ../../build/launch_teleop2/launch_teleop2.egg-info/entry_points.txt
[0.798s] writing requirements to ../../build/launch_teleop2/launch_teleop2.egg-info/requires.txt
[0.798s] writing top-level names to ../../build/launch_teleop2/launch_teleop2.egg-info/top_level.txt
[0.798s] writing manifest file '../../build/launch_teleop2/launch_teleop2.egg-info/SOURCES.txt'
[0.800s] reading manifest file '../../build/launch_teleop2/launch_teleop2.egg-info/SOURCES.txt'
[0.800s] writing manifest file '../../build/launch_teleop2/launch_teleop2.egg-info/SOURCES.txt'
[0.800s] running build
[0.800s] running build_py
[0.801s] creating /home/gabriela/dina_movement_teleop/build/launch_teleop2/build
[0.801s] creating /home/gabriela/dina_movement_teleop/build/launch_teleop2/build/lib
[0.801s] creating /home/gabriela/dina_movement_teleop/build/launch_teleop2/build/lib/launch_teleop
[0.801s] copying launch_teleop/teleop_node2.py -> /home/gabriela/dina_movement_teleop/build/launch_teleop2/build/lib/launch_teleop
[0.801s] copying launch_teleop/teleop_interface2.py -> /home/gabriela/dina_movement_teleop/build/launch_teleop2/build/lib/launch_teleop
[0.801s] copying launch_teleop/teleop.Snode2.py -> /home/gabriela/dina_movement_teleop/build/launch_teleop2/build/lib/launch_teleop
[0.802s] copying launch_teleop/__init__.py -> /home/gabriela/dina_movement_teleop/build/launch_teleop2/build/lib/launch_teleop
[0.802s] running install
[0.802s] running install_lib
[0.802s] creating /home/gabriela/dina_movement_teleop/install/launch_teleop2/lib/python3.10/site-packages/launch_teleop
[0.802s] copying /home/gabriela/dina_movement_teleop/build/launch_teleop2/build/lib/launch_teleop/teleop_node2.py -> /home/gabriela/dina_movement_teleop/install/launch_teleop2/lib/python3.10/site-packages/launch_teleop
[0.802s] copying /home/gabriela/dina_movement_teleop/build/launch_teleop2/build/lib/launch_teleop/teleop_interface2.py -> /home/gabriela/dina_movement_teleop/install/launch_teleop2/lib/python3.10/site-packages/launch_teleop
[0.803s] copying /home/gabriela/dina_movement_teleop/build/launch_teleop2/build/lib/launch_teleop/teleop.Snode2.py -> /home/gabriela/dina_movement_teleop/install/launch_teleop2/lib/python3.10/site-packages/launch_teleop
[0.803s] copying /home/gabriela/dina_movement_teleop/build/launch_teleop2/build/lib/launch_teleop/__init__.py -> /home/gabriela/dina_movement_teleop/install/launch_teleop2/lib/python3.10/site-packages/launch_teleop
[0.803s] byte-compiling /home/gabriela/dina_movement_teleop/install/launch_teleop2/lib/python3.10/site-packages/launch_teleop/teleop_node2.py to teleop_node2.cpython-310.pyc
[0.803s] byte-compiling /home/gabriela/dina_movement_teleop/install/launch_teleop2/lib/python3.10/site-packages/launch_teleop/teleop_interface2.py to teleop_interface2.cpython-310.pyc
[0.803s] byte-compiling /home/gabriela/dina_movement_teleop/install/launch_teleop2/lib/python3.10/site-packages/launch_teleop/teleop.Snode2.py to teleop.Snode2.cpython-310.pyc
[0.804s] byte-compiling /home/gabriela/dina_movement_teleop/install/launch_teleop2/lib/python3.10/site-packages/launch_teleop/__init__.py to __init__.cpython-310.pyc
[0.804s] running install_data
[0.804s] creating /home/gabriela/dina_movement_teleop/install/launch_teleop2/share/ament_index
[0.804s] creating /home/gabriela/dina_movement_teleop/install/launch_teleop2/share/ament_index/resource_index
[0.804s] creating /home/gabriela/dina_movement_teleop/install/launch_teleop2/share/ament_index/resource_index/packages
[0.804s] error: can't copy 'resource/launch_teleop2': doesn't exist or not a regular file
[0.818s] Invoked command in '/home/gabriela/dina_movement_teleop/src/launch_teleop2' returned '1': PYTHONPATH=/home/gabriela/dina_movement_teleop/build/launch_teleop2/prefix_override:/usr/lib/python3/dist-packages/colcon_core/task/python/colcon_distutils_commands:/home/gabriela/dina_movement_teleop/install/launch_teleop2/lib/python3.10/site-packages:${PYTHONPATH} /usr/bin/python3 -W ignore:setup.py install is deprecated -W ignore:easy_install command is deprecated setup.py egg_info --egg-base ../../build/launch_teleop2 build --build-base /home/gabriela/dina_movement_teleop/build/launch_teleop2/build install --record /home/gabriela/dina_movement_teleop/build/launch_teleop2/install.log --single-version-externally-managed install_data
