running egg_info
creating ../../build/launch_teleop/launch_teleop.egg-info
writing ../../build/launch_teleop/launch_teleop.egg-info/PKG-INFO
writing dependency_links to ../../build/launch_teleop/launch_teleop.egg-info/dependency_links.txt
writing entry points to ../../build/launch_teleop/launch_teleop.egg-info/entry_points.txt
writing requirements to ../../build/launch_teleop/launch_teleop.egg-info/requires.txt
writing top-level names to ../../build/launch_teleop/launch_teleop.egg-info/top_level.txt
writing manifest file '../../build/launch_teleop/launch_teleop.egg-info/SOURCES.txt'
reading manifest file '../../build/launch_teleop/launch_teleop.egg-info/SOURCES.txt'
writing manifest file '../../build/launch_teleop/launch_teleop.egg-info/SOURCES.txt'
running build
running build_py
creating /home/gabriela/dina_movement_teleop/build/launch_teleop/build
creating /home/gabriela/dina_movement_teleop/build/launch_teleop/build/lib
creating /home/gabriela/dina_movement_teleop/build/launch_teleop/build/lib/launch_teleop
copying launch_teleop/teleop_node.py -> /home/gabriela/dina_movement_teleop/build/launch_teleop/build/lib/launch_teleop
copying launch_teleop/teleop_interface.py -> /home/gabriela/dina_movement_teleop/build/launch_teleop/build/lib/launch_teleop
copying launch_teleop/teleop_Snode.py -> /home/gabriela/dina_movement_teleop/build/launch_teleop/build/lib/launch_teleop
copying launch_teleop/__init__.py -> /home/gabriela/dina_movement_teleop/build/launch_teleop/build/lib/launch_teleop
running install
running install_lib
creating /home/gabriela/dina_movement_teleop/install/launch_teleop/lib/python3.10/site-packages/launch_teleop
copying /home/gabriela/dina_movement_teleop/build/launch_teleop/build/lib/launch_teleop/teleop_node.py -> /home/gabriela/dina_movement_teleop/install/launch_teleop/lib/python3.10/site-packages/launch_teleop
copying /home/gabriela/dina_movement_teleop/build/launch_teleop/build/lib/launch_teleop/teleop_interface.py -> /home/gabriela/dina_movement_teleop/install/launch_teleop/lib/python3.10/site-packages/launch_teleop
copying /home/gabriela/dina_movement_teleop/build/launch_teleop/build/lib/launch_teleop/teleop_Snode.py -> /home/gabriela/dina_movement_teleop/install/launch_teleop/lib/python3.10/site-packages/launch_teleop
copying /home/gabriela/dina_movement_teleop/build/launch_teleop/build/lib/launch_teleop/__init__.py -> /home/gabriela/dina_movement_teleop/install/launch_teleop/lib/python3.10/site-packages/launch_teleop
byte-compiling /home/gabriela/dina_movement_teleop/install/launch_teleop/lib/python3.10/site-packages/launch_teleop/teleop_node.py to teleop_node.cpython-310.pyc
byte-compiling /home/gabriela/dina_movement_teleop/install/launch_teleop/lib/python3.10/site-packages/launch_teleop/teleop_interface.py to teleop_interface.cpython-310.pyc
byte-compiling /home/gabriela/dina_movement_teleop/install/launch_teleop/lib/python3.10/site-packages/launch_teleop/teleop_Snode.py to teleop_Snode.cpython-310.pyc
byte-compiling /home/gabriela/dina_movement_teleop/install/launch_teleop/lib/python3.10/site-packages/launch_teleop/__init__.py to __init__.cpython-310.pyc
running install_data
creating /home/gabriela/dina_movement_teleop/install/launch_teleop/share/ament_index
creating /home/gabriela/dina_movement_teleop/install/launch_teleop/share/ament_index/resource_index
creating /home/gabriela/dina_movement_teleop/install/launch_teleop/share/ament_index/resource_index/packages
copying resource/launch_teleop -> /home/gabriela/dina_movement_teleop/install/launch_teleop/share/ament_index/resource_index/packages
copying package.xml -> /home/gabriela/dina_movement_teleop/install/launch_teleop/share/launch_teleop
creating /home/gabriela/dina_movement_teleop/install/launch_teleop/share/launch_teleop/launch
copying launch/teleop_interface_launch.py -> /home/gabriela/dina_movement_teleop/install/launch_teleop/share/launch_teleop/launch
running install_egg_info
Copying ../../build/launch_teleop/launch_teleop.egg-info to /home/gabriela/dina_movement_teleop/install/launch_teleop/lib/python3.10/site-packages/launch_teleop-0.0.0-py3.10.egg-info
running install_scripts
Installing teleop_Snode script to /home/gabriela/dina_movement_teleop/install/launch_teleop/lib/launch_teleop
Installing teleop_interface script to /home/gabriela/dina_movement_teleop/install/launch_teleop/lib/launch_teleop
Installing teleop_node script to /home/gabriela/dina_movement_teleop/install/launch_teleop/lib/launch_teleop
writing list of installed files to '/home/gabriela/dina_movement_teleop/build/launch_teleop/install.log'
