[0.612s] Invoking command in '/home/gabriela/dina_movement_teleop/src/launch_teleop': PYTHONPATH=/home/gabriela/dina_movement_teleop/build/launch_teleop/prefix_override:/usr/lib/python3/dist-packages/colcon_core/task/python/colcon_distutils_commands:/home/gabriela/dina_movement_teleop/install/launch_teleop/lib/python3.10/site-packages:${PYTHONPATH} /usr/bin/python3 -W ignore:setup.py install is deprecated -W ignore:easy_install command is deprecated setup.py egg_info --egg-base ../../build/launch_teleop build --build-base /home/gabriela/dina_movement_teleop/build/launch_teleop/build install --record /home/gabriela/dina_movement_teleop/build/launch_teleop/install.log --single-version-externally-managed install_data
[0.854s] running egg_info
[0.855s] creating ../../build/launch_teleop/launch_teleop.egg-info
[0.855s] writing ../../build/launch_teleop/launch_teleop.egg-info/PKG-INFO
[0.855s] writing dependency_links to ../../build/launch_teleop/launch_teleop.egg-info/dependency_links.txt
[0.855s] writing entry points to ../../build/launch_teleop/launch_teleop.egg-info/entry_points.txt
[0.855s] writing requirements to ../../build/launch_teleop/launch_teleop.egg-info/requires.txt
[0.856s] writing top-level names to ../../build/launch_teleop/launch_teleop.egg-info/top_level.txt
[0.856s] writing manifest file '../../build/launch_teleop/launch_teleop.egg-info/SOURCES.txt'
[0.858s] reading manifest file '../../build/launch_teleop/launch_teleop.egg-info/SOURCES.txt'
[0.859s] writing manifest file '../../build/launch_teleop/launch_teleop.egg-info/SOURCES.txt'
[0.859s] running build
[0.859s] running build_py
[0.859s] creating /home/gabriela/dina_movement_teleop/build/launch_teleop/build
[0.859s] creating /home/gabriela/dina_movement_teleop/build/launch_teleop/build/lib
[0.860s] creating /home/gabriela/dina_movement_teleop/build/launch_teleop/build/lib/launch_teleop
[0.860s] copying launch_teleop/teleop_node.py -> /home/gabriela/dina_movement_teleop/build/launch_teleop/build/lib/launch_teleop
[0.860s] copying launch_teleop/teleop_interface.py -> /home/gabriela/dina_movement_teleop/build/launch_teleop/build/lib/launch_teleop
[0.860s] copying launch_teleop/teleop_Snode.py -> /home/gabriela/dina_movement_teleop/build/launch_teleop/build/lib/launch_teleop
[0.860s] copying launch_teleop/__init__.py -> /home/gabriela/dina_movement_teleop/build/launch_teleop/build/lib/launch_teleop
[0.860s] running install
[0.860s] running install_lib
[0.861s] creating /home/gabriela/dina_movement_teleop/install/launch_teleop/lib/python3.10/site-packages/launch_teleop
[0.861s] copying /home/gabriela/dina_movement_teleop/build/launch_teleop/build/lib/launch_teleop/teleop_node.py -> /home/gabriela/dina_movement_teleop/install/launch_teleop/lib/python3.10/site-packages/launch_teleop
[0.861s] copying /home/gabriela/dina_movement_teleop/build/launch_teleop/build/lib/launch_teleop/teleop_interface.py -> /home/gabriela/dina_movement_teleop/install/launch_teleop/lib/python3.10/site-packages/launch_teleop
[0.861s] copying /home/gabriela/dina_movement_teleop/build/launch_teleop/build/lib/launch_teleop/teleop_Snode.py -> /home/gabriela/dina_movement_teleop/install/launch_teleop/lib/python3.10/site-packages/launch_teleop
[0.862s] copying /home/gabriela/dina_movement_teleop/build/launch_teleop/build/lib/launch_teleop/__init__.py -> /home/gabriela/dina_movement_teleop/install/launch_teleop/lib/python3.10/site-packages/launch_teleop
[0.862s] byte-compiling /home/gabriela/dina_movement_teleop/install/launch_teleop/lib/python3.10/site-packages/launch_teleop/teleop_node.py to teleop_node.cpython-310.pyc
[0.863s] byte-compiling /home/gabriela/dina_movement_teleop/install/launch_teleop/lib/python3.10/site-packages/launch_teleop/teleop_interface.py to teleop_interface.cpython-310.pyc
[0.865s] byte-compiling /home/gabriela/dina_movement_teleop/install/launch_teleop/lib/python3.10/site-packages/launch_teleop/teleop_Snode.py to teleop_Snode.cpython-310.pyc
[0.866s] byte-compiling /home/gabriela/dina_movement_teleop/install/launch_teleop/lib/python3.10/site-packages/launch_teleop/__init__.py to __init__.cpython-310.pyc
[0.866s] running install_data
[0.866s] creating /home/gabriela/dina_movement_teleop/install/launch_teleop/share/ament_index
[0.866s] creating /home/gabriela/dina_movement_teleop/install/launch_teleop/share/ament_index/resource_index
[0.866s] creating /home/gabriela/dina_movement_teleop/install/launch_teleop/share/ament_index/resource_index/packages
[0.867s] copying resource/launch_teleop -> /home/gabriela/dina_movement_teleop/install/launch_teleop/share/ament_index/resource_index/packages
[0.867s] copying package.xml -> /home/gabriela/dina_movement_teleop/install/launch_teleop/share/launch_teleop
[0.867s] creating /home/gabriela/dina_movement_teleop/install/launch_teleop/share/launch_teleop/launch
[0.867s] copying launch/teleop_interface_launch.py -> /home/gabriela/dina_movement_teleop/install/launch_teleop/share/launch_teleop/launch
[0.867s] running install_egg_info
[0.869s] Copying ../../build/launch_teleop/launch_teleop.egg-info to /home/gabriela/dina_movement_teleop/install/launch_teleop/lib/python3.10/site-packages/launch_teleop-0.0.0-py3.10.egg-info
[0.870s] running install_scripts
[0.895s] Installing teleop_Snode script to /home/gabriela/dina_movement_teleop/install/launch_teleop/lib/launch_teleop
[0.895s] Installing teleop_interface script to /home/gabriela/dina_movement_teleop/install/launch_teleop/lib/launch_teleop
[0.895s] Installing teleop_node script to /home/gabriela/dina_movement_teleop/install/launch_teleop/lib/launch_teleop
[0.895s] writing list of installed files to '/home/gabriela/dina_movement_teleop/build/launch_teleop/install.log'
[0.920s] Invoked command in '/home/gabriela/dina_movement_teleop/src/launch_teleop' returned '0': PYTHONPATH=/home/gabriela/dina_movement_teleop/build/launch_teleop/prefix_override:/usr/lib/python3/dist-packages/colcon_core/task/python/colcon_distutils_commands:/home/gabriela/dina_movement_teleop/install/launch_teleop/lib/python3.10/site-packages:${PYTHONPATH} /usr/bin/python3 -W ignore:setup.py install is deprecated -W ignore:easy_install command is deprecated setup.py egg_info --egg-base ../../build/launch_teleop build --build-base /home/gabriela/dina_movement_teleop/build/launch_teleop/build install --record /home/gabriela/dina_movement_teleop/build/launch_teleop/install.log --single-version-externally-managed install_data
