[0.651s] Invoking command in '/home/gabriela/dina_movement_teleop/src/launch_teleop2': PYTHONPATH=/home/gabriela/dina_movement_teleop/build/launch_teleop2/prefix_override:/usr/lib/python3/dist-packages/colcon_core/task/python/colcon_distutils_commands:/home/gabriela/dina_movement_teleop/install/launch_teleop2/lib/python3.10/site-packages:${PYTHONPATH} /usr/bin/python3 -W ignore:setup.py install is deprecated -W ignore:easy_install command is deprecated setup.py egg_info --egg-base ../../build/launch_teleop2 build --build-base /home/gabriela/dina_movement_teleop/build/launch_teleop2/build install --record /home/gabriela/dina_movement_teleop/build/launch_teleop2/install.log --single-version-externally-managed install_data
[0.785s] running egg_info
[0.785s] writing ../../build/launch_teleop2/launch_teleop2.egg-info/PKG-INFO
[0.785s] writing dependency_links to ../../build/launch_teleop2/launch_teleop2.egg-info/dependency_links.txt
[0.786s] writing entry points to ../../build/launch_teleop2/launch_teleop2.egg-info/entry_points.txt
[0.786s] writing requirements to ../../build/launch_teleop2/launch_teleop2.egg-info/requires.txt
[0.786s] writing top-level names to ../../build/launch_teleop2/launch_teleop2.egg-info/top_level.txt
[0.787s] reading manifest file '../../build/launch_teleop2/launch_teleop2.egg-info/SOURCES.txt'
[0.787s] writing manifest file '../../build/launch_teleop2/launch_teleop2.egg-info/SOURCES.txt'
[0.787s] running build
[0.788s] running build_py
[0.788s] running install
[0.788s] running install_lib
[0.789s] running install_data
[0.789s] running install_egg_info
[0.790s] removing '/home/gabriela/dina_movement_teleop/install/launch_teleop2/lib/python3.10/site-packages/launch_teleop2-0.0.0-py3.10.egg-info' (and everything under it)
[0.790s] Copying ../../build/launch_teleop2/launch_teleop2.egg-info to /home/gabriela/dina_movement_teleop/install/launch_teleop2/lib/python3.10/site-packages/launch_teleop2-0.0.0-py3.10.egg-info
[0.790s] running install_scripts
[0.804s] Installing teleop_Snode script to /home/gabriela/dina_movement_teleop/install/launch_teleop2/lib/launch_teleop2
[0.804s] Installing teleop_interface script to /home/gabriela/dina_movement_teleop/install/launch_teleop2/lib/launch_teleop2
[0.804s] Installing teleop_node script to /home/gabriela/dina_movement_teleop/install/launch_teleop2/lib/launch_teleop2
[0.804s] writing list of installed files to '/home/gabriela/dina_movement_teleop/build/launch_teleop2/install.log'
[0.822s] Invoked command in '/home/gabriela/dina_movement_teleop/src/launch_teleop2' returned '0': PYTHONPATH=/home/gabriela/dina_movement_teleop/build/launch_teleop2/prefix_override:/usr/lib/python3/dist-packages/colcon_core/task/python/colcon_distutils_commands:/home/gabriela/dina_movement_teleop/install/launch_teleop2/lib/python3.10/site-packages:${PYTHONPATH} /usr/bin/python3 -W ignore:setup.py install is deprecated -W ignore:easy_install command is deprecated setup.py egg_info --egg-base ../../build/launch_teleop2 build --build-base /home/gabriela/dina_movement_teleop/build/launch_teleop2/build install --record /home/gabriela/dina_movement_teleop/build/launch_teleop2/install.log --single-version-externally-managed install_data
