[0.561s] Invoking command in '/home/gabriela/dina_movement_teleop/src/robot_mqtt': PYTHONPATH=/home/gabriela/dina_movement_teleop/build/robot_mqtt/prefix_override:/usr/lib/python3/dist-packages/colcon_core/task/python/colcon_distutils_commands:/home/gabriela/dina_movement_teleop/install/robot_mqtt/lib/python3.10/site-packages:${PYTHONPATH} /usr/bin/python3 -W ignore:setup.py install is deprecated -W ignore:easy_install command is deprecated setup.py egg_info --egg-base ../../build/robot_mqtt build --build-base /home/gabriela/dina_movement_teleop/build/robot_mqtt/build install --record /home/gabriela/dina_movement_teleop/build/robot_mqtt/install.log --single-version-externally-managed install_data
[0.688s] running egg_info
[0.688s] writing ../../build/robot_mqtt/robot_mqtt.egg-info/PKG-INFO
[0.688s] writing dependency_links to ../../build/robot_mqtt/robot_mqtt.egg-info/dependency_links.txt
[0.688s] writing entry points to ../../build/robot_mqtt/robot_mqtt.egg-info/entry_points.txt
[0.688s] writing requirements to ../../build/robot_mqtt/robot_mqtt.egg-info/requires.txt
[0.689s] writing top-level names to ../../build/robot_mqtt/robot_mqtt.egg-info/top_level.txt
[0.689s] reading manifest file '../../build/robot_mqtt/robot_mqtt.egg-info/SOURCES.txt'
[0.690s] writing manifest file '../../build/robot_mqtt/robot_mqtt.egg-info/SOURCES.txt'
[0.690s] running build
[0.690s] running build_py
[0.690s] running install
[0.690s] running install_lib
[0.691s] running install_data
[0.691s] running install_egg_info
[0.692s] removing '/home/gabriela/dina_movement_teleop/install/robot_mqtt/lib/python3.10/site-packages/robot_mqtt-0.0.1-py3.10.egg-info' (and everything under it)
[0.693s] Copying ../../build/robot_mqtt/robot_mqtt.egg-info to /home/gabriela/dina_movement_teleop/install/robot_mqtt/lib/python3.10/site-packages/robot_mqtt-0.0.1-py3.10.egg-info
[0.693s] running install_scripts
[0.706s] Installing robot_mqtt script to /home/gabriela/dina_movement_teleop/install/robot_mqtt/lib/robot_mqtt
[0.706s] Installing robot_tracker = robot_mqtt.robot_tracker:mainposition_estimator script to /home/gabriela/dina_movement_teleop/install/robot_mqtt/lib/robot_mqtt
[0.706s] Installing teleop_Snode script to /home/gabriela/dina_movement_teleop/install/robot_mqtt/lib/robot_mqtt
[0.706s] Installing teleop_Snode2 script to /home/gabriela/dina_movement_teleop/install/robot_mqtt/lib/robot_mqtt
[0.706s] Installing teleop_interface script to /home/gabriela/dina_movement_teleop/install/robot_mqtt/lib/robot_mqtt
[0.706s] Installing teleop_interface2 script to /home/gabriela/dina_movement_teleop/install/robot_mqtt/lib/robot_mqtt
[0.706s] Installing teleop_node script to /home/gabriela/dina_movement_teleop/install/robot_mqtt/lib/robot_mqtt
[0.707s] Installing teleop_node2 script to /home/gabriela/dina_movement_teleop/install/robot_mqtt/lib/robot_mqtt
[0.707s] Installing velocity_calculator script to /home/gabriela/dina_movement_teleop/install/robot_mqtt/lib/robot_mqtt
[0.707s] Installing video_publisher script to /home/gabriela/dina_movement_teleop/install/robot_mqtt/lib/robot_mqtt
[0.707s] writing list of installed files to '/home/gabriela/dina_movement_teleop/build/robot_mqtt/install.log'
[0.723s] Invoked command in '/home/gabriela/dina_movement_teleop/src/robot_mqtt' returned '0': PYTHONPATH=/home/gabriela/dina_movement_teleop/build/robot_mqtt/prefix_override:/usr/lib/python3/dist-packages/colcon_core/task/python/colcon_distutils_commands:/home/gabriela/dina_movement_teleop/install/robot_mqtt/lib/python3.10/site-packages:${PYTHONPATH} /usr/bin/python3 -W ignore:setup.py install is deprecated -W ignore:easy_install command is deprecated setup.py egg_info --egg-base ../../build/robot_mqtt build --build-base /home/gabriela/dina_movement_teleop/build/robot_mqtt/build install --record /home/gabriela/dina_movement_teleop/build/robot_mqtt/install.log --single-version-externally-managed install_data
