running egg_info
creating ../../build/robot_mqtt/robot_mqtt.egg-info
writing ../../build/robot_mqtt/robot_mqtt.egg-info/PKG-INFO
writing dependency_links to ../../build/robot_mqtt/robot_mqtt.egg-info/dependency_links.txt
writing entry points to ../../build/robot_mqtt/robot_mqtt.egg-info/entry_points.txt
writing requirements to ../../build/robot_mqtt/robot_mqtt.egg-info/requires.txt
writing top-level names to ../../build/robot_mqtt/robot_mqtt.egg-info/top_level.txt
writing manifest file '../../build/robot_mqtt/robot_mqtt.egg-info/SOURCES.txt'
reading manifest file '../../build/robot_mqtt/robot_mqtt.egg-info/SOURCES.txt'
writing manifest file '../../build/robot_mqtt/robot_mqtt.egg-info/SOURCES.txt'
running build
running build_py
creating /home/gabriela/dina_movement_teleop/build/robot_mqtt/build
creating /home/gabriela/dina_movement_teleop/build/robot_mqtt/build/lib
creating /home/gabriela/dina_movement_teleop/build/robot_mqtt/build/lib/robot_mqtt
copying robot_mqtt/robot_tracker.py -> /home/gabriela/dina_movement_teleop/build/robot_mqtt/build/lib/robot_mqtt
copying robot_mqtt/video_publisher.py -> /home/gabriela/dina_movement_teleop/build/robot_mqtt/build/lib/robot_mqtt
copying robot_mqtt/teleop_node.py -> /home/gabriela/dina_movement_teleop/build/robot_mqtt/build/lib/robot_mqtt
copying robot_mqtt/teleop_interface.py -> /home/gabriela/dina_movement_teleop/build/robot_mqtt/build/lib/robot_mqtt
copying robot_mqtt/teleop_node2.py -> /home/gabriela/dina_movement_teleop/build/robot_mqtt/build/lib/robot_mqtt
copying robot_mqtt/teleop_interface2.py -> /home/gabriela/dina_movement_teleop/build/robot_mqtt/build/lib/robot_mqtt
copying robot_mqtt/velocity_calculator.py -> /home/gabriela/dina_movement_teleop/build/robot_mqtt/build/lib/robot_mqtt
copying robot_mqtt/position_estimator.py -> /home/gabriela/dina_movement_teleop/build/robot_mqtt/build/lib/robot_mqtt
copying robot_mqtt/teleop_Snode.py -> /home/gabriela/dina_movement_teleop/build/robot_mqtt/build/lib/robot_mqtt
copying robot_mqtt/teleop_Snode2.py -> /home/gabriela/dina_movement_teleop/build/robot_mqtt/build/lib/robot_mqtt
copying robot_mqtt/__init__.py -> /home/gabriela/dina_movement_teleop/build/robot_mqtt/build/lib/robot_mqtt
running install
running install_lib
creating /home/gabriela/dina_movement_teleop/install/robot_mqtt/lib/python3.10/site-packages/robot_mqtt
copying /home/gabriela/dina_movement_teleop/build/robot_mqtt/build/lib/robot_mqtt/robot_tracker.py -> /home/gabriela/dina_movement_teleop/install/robot_mqtt/lib/python3.10/site-packages/robot_mqtt
copying /home/gabriela/dina_movement_teleop/build/robot_mqtt/build/lib/robot_mqtt/video_publisher.py -> /home/gabriela/dina_movement_teleop/install/robot_mqtt/lib/python3.10/site-packages/robot_mqtt
copying /home/gabriela/dina_movement_teleop/build/robot_mqtt/build/lib/robot_mqtt/teleop_node.py -> /home/gabriela/dina_movement_teleop/install/robot_mqtt/lib/python3.10/site-packages/robot_mqtt
copying /home/gabriela/dina_movement_teleop/build/robot_mqtt/build/lib/robot_mqtt/teleop_interface.py -> /home/gabriela/dina_movement_teleop/install/robot_mqtt/lib/python3.10/site-packages/robot_mqtt
copying /home/gabriela/dina_movement_teleop/build/robot_mqtt/build/lib/robot_mqtt/teleop_node2.py -> /home/gabriela/dina_movement_teleop/install/robot_mqtt/lib/python3.10/site-packages/robot_mqtt
copying /home/gabriela/dina_movement_teleop/build/robot_mqtt/build/lib/robot_mqtt/teleop_interface2.py -> /home/gabriela/dina_movement_teleop/install/robot_mqtt/lib/python3.10/site-packages/robot_mqtt
copying /home/gabriela/dina_movement_teleop/build/robot_mqtt/build/lib/robot_mqtt/velocity_calculator.py -> /home/gabriela/dina_movement_teleop/install/robot_mqtt/lib/python3.10/site-packages/robot_mqtt
copying /home/gabriela/dina_movement_teleop/build/robot_mqtt/build/lib/robot_mqtt/position_estimator.py -> /home/gabriela/dina_movement_teleop/install/robot_mqtt/lib/python3.10/site-packages/robot_mqtt
copying /home/gabriela/dina_movement_teleop/build/robot_mqtt/build/lib/robot_mqtt/teleop_Snode.py -> /home/gabriela/dina_movement_teleop/install/robot_mqtt/lib/python3.10/site-packages/robot_mqtt
copying /home/gabriela/dina_movement_teleop/build/robot_mqtt/build/lib/robot_mqtt/teleop_Snode2.py -> /home/gabriela/dina_movement_teleop/install/robot_mqtt/lib/python3.10/site-packages/robot_mqtt
copying /home/gabriela/dina_movement_teleop/build/robot_mqtt/build/lib/robot_mqtt/__init__.py -> /home/gabriela/dina_movement_teleop/install/robot_mqtt/lib/python3.10/site-packages/robot_mqtt
byte-compiling /home/gabriela/dina_movement_teleop/install/robot_mqtt/lib/python3.10/site-packages/robot_mqtt/robot_tracker.py to robot_tracker.cpython-310.pyc
byte-compiling /home/gabriela/dina_movement_teleop/install/robot_mqtt/lib/python3.10/site-packages/robot_mqtt/video_publisher.py to video_publisher.cpython-310.pyc
byte-compiling /home/gabriela/dina_movement_teleop/install/robot_mqtt/lib/python3.10/site-packages/robot_mqtt/teleop_node.py to teleop_node.cpython-310.pyc
byte-compiling /home/gabriela/dina_movement_teleop/install/robot_mqtt/lib/python3.10/site-packages/robot_mqtt/teleop_interface.py to teleop_interface.cpython-310.pyc
byte-compiling /home/gabriela/dina_movement_teleop/install/robot_mqtt/lib/python3.10/site-packages/robot_mqtt/teleop_node2.py to teleop_node2.cpython-310.pyc
byte-compiling /home/gabriela/dina_movement_teleop/install/robot_mqtt/lib/python3.10/site-packages/robot_mqtt/teleop_interface2.py to teleop_interface2.cpython-310.pyc
byte-compiling /home/gabriela/dina_movement_teleop/install/robot_mqtt/lib/python3.10/site-packages/robot_mqtt/velocity_calculator.py to velocity_calculator.cpython-310.pyc
byte-compiling /home/gabriela/dina_movement_teleop/install/robot_mqtt/lib/python3.10/site-packages/robot_mqtt/position_estimator.py to position_estimator.cpython-310.pyc
byte-compiling /home/gabriela/dina_movement_teleop/install/robot_mqtt/lib/python3.10/site-packages/robot_mqtt/teleop_Snode.py to teleop_Snode.cpython-310.pyc
byte-compiling /home/gabriela/dina_movement_teleop/install/robot_mqtt/lib/python3.10/site-packages/robot_mqtt/teleop_Snode2.py to teleop_Snode2.cpython-310.pyc
byte-compiling /home/gabriela/dina_movement_teleop/install/robot_mqtt/lib/python3.10/site-packages/robot_mqtt/__init__.py to __init__.cpython-310.pyc
running install_data
creating /home/gabriela/dina_movement_teleop/install/robot_mqtt/share/ament_index
creating /home/gabriela/dina_movement_teleop/install/robot_mqtt/share/ament_index/resource_index
creating /home/gabriela/dina_movement_teleop/install/robot_mqtt/share/ament_index/resource_index/packages
copying resource/robot_mqtt -> /home/gabriela/dina_movement_teleop/install/robot_mqtt/share/ament_index/resource_index/packages
copying package.xml -> /home/gabriela/dina_movement_teleop/install/robot_mqtt/share/robot_mqtt
running install_egg_info
Copying ../../build/robot_mqtt/robot_mqtt.egg-info to /home/gabriela/dina_movement_teleop/install/robot_mqtt/lib/python3.10/site-packages/robot_mqtt-0.0.1-py3.10.egg-info
running install_scripts
Installing robot_mqtt script to /home/gabriela/dina_movement_teleop/install/robot_mqtt/lib/robot_mqtt
Installing robot_tracker = robot_mqtt.robot_tracker:mainposition_estimator script to /home/gabriela/dina_movement_teleop/install/robot_mqtt/lib/robot_mqtt
Installing teleop_Snode script to /home/gabriela/dina_movement_teleop/install/robot_mqtt/lib/robot_mqtt
Installing teleop_Snode2 script to /home/gabriela/dina_movement_teleop/install/robot_mqtt/lib/robot_mqtt
Installing teleop_interface script to /home/gabriela/dina_movement_teleop/install/robot_mqtt/lib/robot_mqtt
Installing teleop_interface2 script to /home/gabriela/dina_movement_teleop/install/robot_mqtt/lib/robot_mqtt
Installing teleop_node script to /home/gabriela/dina_movement_teleop/install/robot_mqtt/lib/robot_mqtt
Installing teleop_node2 script to /home/gabriela/dina_movement_teleop/install/robot_mqtt/lib/robot_mqtt
Installing velocity_calculator script to /home/gabriela/dina_movement_teleop/install/robot_mqtt/lib/robot_mqtt
Installing video_publisher script to /home/gabriela/dina_movement_teleop/install/robot_mqtt/lib/robot_mqtt
writing list of installed files to '/home/gabriela/dina_movement_teleop/build/robot_mqtt/install.log'
