[0.613s] Invoking command in '/home/gabriela/dina_movement_teleop/src/robot_mqtt': PYTHONPATH=/home/gabriela/dina_movement_teleop/build/robot_mqtt/prefix_override:/usr/lib/python3/dist-packages/colcon_core/task/python/colcon_distutils_commands:/home/gabriela/dina_movement_teleop/install/robot_mqtt/lib/python3.10/site-packages:${PYTHONPATH} /usr/bin/python3 -W ignore:setup.py install is deprecated -W ignore:easy_install command is deprecated setup.py egg_info --egg-base ../../build/robot_mqtt build --build-base /home/gabriela/dina_movement_teleop/build/robot_mqtt/build install --record /home/gabriela/dina_movement_teleop/build/robot_mqtt/install.log --single-version-externally-managed install_data
[0.795s] running egg_info
[0.795s] creating ../../build/robot_mqtt/robot_mqtt.egg-info
[0.795s] writing ../../build/robot_mqtt/robot_mqtt.egg-info/PKG-INFO
[0.795s] writing dependency_links to ../../build/robot_mqtt/robot_mqtt.egg-info/dependency_links.txt
[0.796s] writing entry points to ../../build/robot_mqtt/robot_mqtt.egg-info/entry_points.txt
[0.796s] writing requirements to ../../build/robot_mqtt/robot_mqtt.egg-info/requires.txt
[0.796s] writing top-level names to ../../build/robot_mqtt/robot_mqtt.egg-info/top_level.txt
[0.796s] writing manifest file '../../build/robot_mqtt/robot_mqtt.egg-info/SOURCES.txt'
[0.797s] reading manifest file '../../build/robot_mqtt/robot_mqtt.egg-info/SOURCES.txt'
[0.797s] writing manifest file '../../build/robot_mqtt/robot_mqtt.egg-info/SOURCES.txt'
[0.797s] running build
[0.797s] running build_py
[0.797s] creating /home/gabriela/dina_movement_teleop/build/robot_mqtt/build
[0.797s] creating /home/gabriela/dina_movement_teleop/build/robot_mqtt/build/lib
[0.797s] creating /home/gabriela/dina_movement_teleop/build/robot_mqtt/build/lib/robot_mqtt
[0.797s] copying robot_mqtt/robot_tracker.py -> /home/gabriela/dina_movement_teleop/build/robot_mqtt/build/lib/robot_mqtt
[0.797s] copying robot_mqtt/video_publisher.py -> /home/gabriela/dina_movement_teleop/build/robot_mqtt/build/lib/robot_mqtt
[0.797s] copying robot_mqtt/teleop_node.py -> /home/gabriela/dina_movement_teleop/build/robot_mqtt/build/lib/robot_mqtt
[0.797s] copying robot_mqtt/teleop_interface.py -> /home/gabriela/dina_movement_teleop/build/robot_mqtt/build/lib/robot_mqtt
[0.797s] copying robot_mqtt/teleop_node2.py -> /home/gabriela/dina_movement_teleop/build/robot_mqtt/build/lib/robot_mqtt
[0.797s] copying robot_mqtt/teleop_interface2.py -> /home/gabriela/dina_movement_teleop/build/robot_mqtt/build/lib/robot_mqtt
[0.797s] copying robot_mqtt/velocity_calculator.py -> /home/gabriela/dina_movement_teleop/build/robot_mqtt/build/lib/robot_mqtt
[0.797s] copying robot_mqtt/position_estimator.py -> /home/gabriela/dina_movement_teleop/build/robot_mqtt/build/lib/robot_mqtt
[0.798s] copying robot_mqtt/teleop_Snode.py -> /home/gabriela/dina_movement_teleop/build/robot_mqtt/build/lib/robot_mqtt
[0.798s] copying robot_mqtt/teleop_Snode2.py -> /home/gabriela/dina_movement_teleop/build/robot_mqtt/build/lib/robot_mqtt
[0.798s] copying robot_mqtt/__init__.py -> /home/gabriela/dina_movement_teleop/build/robot_mqtt/build/lib/robot_mqtt
[0.798s] running install
[0.798s] running install_lib
[0.798s] creating /home/gabriela/dina_movement_teleop/install/robot_mqtt/lib/python3.10/site-packages/robot_mqtt
[0.798s] copying /home/gabriela/dina_movement_teleop/build/robot_mqtt/build/lib/robot_mqtt/robot_tracker.py -> /home/gabriela/dina_movement_teleop/install/robot_mqtt/lib/python3.10/site-packages/robot_mqtt
[0.798s] copying /home/gabriela/dina_movement_teleop/build/robot_mqtt/build/lib/robot_mqtt/video_publisher.py -> /home/gabriela/dina_movement_teleop/install/robot_mqtt/lib/python3.10/site-packages/robot_mqtt
[0.798s] copying /home/gabriela/dina_movement_teleop/build/robot_mqtt/build/lib/robot_mqtt/teleop_node.py -> /home/gabriela/dina_movement_teleop/install/robot_mqtt/lib/python3.10/site-packages/robot_mqtt
[0.798s] copying /home/gabriela/dina_movement_teleop/build/robot_mqtt/build/lib/robot_mqtt/teleop_interface.py -> /home/gabriela/dina_movement_teleop/install/robot_mqtt/lib/python3.10/site-packages/robot_mqtt
[0.798s] copying /home/gabriela/dina_movement_teleop/build/robot_mqtt/build/lib/robot_mqtt/teleop_node2.py -> /home/gabriela/dina_movement_teleop/install/robot_mqtt/lib/python3.10/site-packages/robot_mqtt
[0.798s] copying /home/gabriela/dina_movement_teleop/build/robot_mqtt/build/lib/robot_mqtt/teleop_interface2.py -> /home/gabriela/dina_movement_teleop/install/robot_mqtt/lib/python3.10/site-packages/robot_mqtt
[0.799s] copying /home/gabriela/dina_movement_teleop/build/robot_mqtt/build/lib/robot_mqtt/velocity_calculator.py -> /home/gabriela/dina_movement_teleop/install/robot_mqtt/lib/python3.10/site-packages/robot_mqtt
[0.799s] copying /home/gabriela/dina_movement_teleop/build/robot_mqtt/build/lib/robot_mqtt/position_estimator.py -> /home/gabriela/dina_movement_teleop/install/robot_mqtt/lib/python3.10/site-packages/robot_mqtt
[0.799s] copying /home/gabriela/dina_movement_teleop/build/robot_mqtt/build/lib/robot_mqtt/teleop_Snode.py -> /home/gabriela/dina_movement_teleop/install/robot_mqtt/lib/python3.10/site-packages/robot_mqtt
[0.799s] copying /home/gabriela/dina_movement_teleop/build/robot_mqtt/build/lib/robot_mqtt/teleop_Snode2.py -> /home/gabriela/dina_movement_teleop/install/robot_mqtt/lib/python3.10/site-packages/robot_mqtt
[0.799s] copying /home/gabriela/dina_movement_teleop/build/robot_mqtt/build/lib/robot_mqtt/__init__.py -> /home/gabriela/dina_movement_teleop/install/robot_mqtt/lib/python3.10/site-packages/robot_mqtt
[0.799s] byte-compiling /home/gabriela/dina_movement_teleop/install/robot_mqtt/lib/python3.10/site-packages/robot_mqtt/robot_tracker.py to robot_tracker.cpython-310.pyc
[0.801s] byte-compiling /home/gabriela/dina_movement_teleop/install/robot_mqtt/lib/python3.10/site-packages/robot_mqtt/video_publisher.py to video_publisher.cpython-310.pyc
[0.801s] byte-compiling /home/gabriela/dina_movement_teleop/install/robot_mqtt/lib/python3.10/site-packages/robot_mqtt/teleop_node.py to teleop_node.cpython-310.pyc
[0.801s] byte-compiling /home/gabriela/dina_movement_teleop/install/robot_mqtt/lib/python3.10/site-packages/robot_mqtt/teleop_interface.py to teleop_interface.cpython-310.pyc
[0.802s] byte-compiling /home/gabriela/dina_movement_teleop/install/robot_mqtt/lib/python3.10/site-packages/robot_mqtt/teleop_node2.py to teleop_node2.cpython-310.pyc
[0.802s] byte-compiling /home/gabriela/dina_movement_teleop/install/robot_mqtt/lib/python3.10/site-packages/robot_mqtt/teleop_interface2.py to teleop_interface2.cpython-310.pyc
[0.803s] byte-compiling /home/gabriela/dina_movement_teleop/install/robot_mqtt/lib/python3.10/site-packages/robot_mqtt/velocity_calculator.py to velocity_calculator.cpython-310.pyc
[0.803s] byte-compiling /home/gabriela/dina_movement_teleop/install/robot_mqtt/lib/python3.10/site-packages/robot_mqtt/position_estimator.py to position_estimator.cpython-310.pyc
[0.804s] byte-compiling /home/gabriela/dina_movement_teleop/install/robot_mqtt/lib/python3.10/site-packages/robot_mqtt/teleop_Snode.py to teleop_Snode.cpython-310.pyc
[0.804s] byte-compiling /home/gabriela/dina_movement_teleop/install/robot_mqtt/lib/python3.10/site-packages/robot_mqtt/teleop_Snode2.py to teleop_Snode2.cpython-310.pyc
[0.804s] byte-compiling /home/gabriela/dina_movement_teleop/install/robot_mqtt/lib/python3.10/site-packages/robot_mqtt/__init__.py to __init__.cpython-310.pyc
[0.804s] running install_data
[0.804s] creating /home/gabriela/dina_movement_teleop/install/robot_mqtt/share/ament_index
[0.804s] creating /home/gabriela/dina_movement_teleop/install/robot_mqtt/share/ament_index/resource_index
[0.804s] creating /home/gabriela/dina_movement_teleop/install/robot_mqtt/share/ament_index/resource_index/packages
[0.804s] copying resource/robot_mqtt -> /home/gabriela/dina_movement_teleop/install/robot_mqtt/share/ament_index/resource_index/packages
[0.804s] copying package.xml -> /home/gabriela/dina_movement_teleop/install/robot_mqtt/share/robot_mqtt
[0.804s] running install_egg_info
[0.806s] Copying ../../build/robot_mqtt/robot_mqtt.egg-info to /home/gabriela/dina_movement_teleop/install/robot_mqtt/lib/python3.10/site-packages/robot_mqtt-0.0.1-py3.10.egg-info
[0.806s] running install_scripts
[0.819s] Installing robot_mqtt script to /home/gabriela/dina_movement_teleop/install/robot_mqtt/lib/robot_mqtt
[0.819s] Installing robot_tracker = robot_mqtt.robot_tracker:mainposition_estimator script to /home/gabriela/dina_movement_teleop/install/robot_mqtt/lib/robot_mqtt
[0.819s] Installing teleop_Snode script to /home/gabriela/dina_movement_teleop/install/robot_mqtt/lib/robot_mqtt
[0.819s] Installing teleop_Snode2 script to /home/gabriela/dina_movement_teleop/install/robot_mqtt/lib/robot_mqtt
[0.819s] Installing teleop_interface script to /home/gabriela/dina_movement_teleop/install/robot_mqtt/lib/robot_mqtt
[0.819s] Installing teleop_interface2 script to /home/gabriela/dina_movement_teleop/install/robot_mqtt/lib/robot_mqtt
[0.819s] Installing teleop_node script to /home/gabriela/dina_movement_teleop/install/robot_mqtt/lib/robot_mqtt
[0.819s] Installing teleop_node2 script to /home/gabriela/dina_movement_teleop/install/robot_mqtt/lib/robot_mqtt
[0.819s] Installing velocity_calculator script to /home/gabriela/dina_movement_teleop/install/robot_mqtt/lib/robot_mqtt
[0.819s] Installing video_publisher script to /home/gabriela/dina_movement_teleop/install/robot_mqtt/lib/robot_mqtt
[0.819s] writing list of installed files to '/home/gabriela/dina_movement_teleop/build/robot_mqtt/install.log'
