[0.752s] Invoking command in '/home/gabriela/dina_movement_teleop/src/launch_teleop': PYTHONPATH=/home/gabriela/dina_movement_teleop/build/launch_teleop/prefix_override:/usr/lib/python3/dist-packages/colcon_core/task/python/colcon_distutils_commands:/home/gabriela/dina_movement_teleop/install/launch_teleop/lib/python3.10/site-packages:${PYTHONPATH} /usr/bin/python3 -W ignore:setup.py install is deprecated -W ignore:easy_install command is deprecated setup.py egg_info --egg-base ../../build/launch_teleop build --build-base /home/gabriela/dina_movement_teleop/build/launch_teleop/build install --record /home/gabriela/dina_movement_teleop/build/launch_teleop/install.log --single-version-externally-managed install_data
[0.888s] running egg_info
[0.889s] writing ../../build/launch_teleop/launch_teleop.egg-info/PKG-INFO
[0.889s] writing dependency_links to ../../build/launch_teleop/launch_teleop.egg-info/dependency_links.txt
[0.889s] writing entry points to ../../build/launch_teleop/launch_teleop.egg-info/entry_points.txt
[0.889s] writing requirements to ../../build/launch_teleop/launch_teleop.egg-info/requires.txt
[0.889s] writing top-level names to ../../build/launch_teleop/launch_teleop.egg-info/top_level.txt
[0.890s] reading manifest file '../../build/launch_teleop/launch_teleop.egg-info/SOURCES.txt'
[0.890s] writing manifest file '../../build/launch_teleop/launch_teleop.egg-info/SOURCES.txt'
[0.890s] running build
[0.890s] running build_py
[0.891s] running install
[0.891s] running install_lib
[0.891s] running install_data
[0.892s] running install_egg_info
[0.893s] removing '/home/gabriela/dina_movement_teleop/install/launch_teleop/lib/python3.10/site-packages/launch_teleop-0.0.0-py3.10.egg-info' (and everything under it)
[0.893s] Copying ../../build/launch_teleop/launch_teleop.egg-info to /home/gabriela/dina_movement_teleop/install/launch_teleop/lib/python3.10/site-packages/launch_teleop-0.0.0-py3.10.egg-info
[0.893s] running install_scripts
[0.906s] Installing teleop_Snode script to /home/gabriela/dina_movement_teleop/install/launch_teleop/lib/launch_teleop
[0.906s] Installing teleop_interface script to /home/gabriela/dina_movement_teleop/install/launch_teleop/lib/launch_teleop
[0.907s] Installing teleop_node script to /home/gabriela/dina_movement_teleop/install/launch_teleop/lib/launch_teleop
[0.907s] writing list of installed files to '/home/gabriela/dina_movement_teleop/build/launch_teleop/install.log'
[0.923s] Invoked command in '/home/gabriela/dina_movement_teleop/src/launch_teleop' returned '0': PYTHONPATH=/home/gabriela/dina_movement_teleop/build/launch_teleop/prefix_override:/usr/lib/python3/dist-packages/colcon_core/task/python/colcon_distutils_commands:/home/gabriela/dina_movement_teleop/install/launch_teleop/lib/python3.10/site-packages:${PYTHONPATH} /usr/bin/python3 -W ignore:setup.py install is deprecated -W ignore:easy_install command is deprecated setup.py egg_info --egg-base ../../build/launch_teleop build --build-base /home/gabriela/dina_movement_teleop/build/launch_teleop/build install --record /home/gabriela/dina_movement_teleop/build/launch_teleop/install.log --single-version-externally-managed install_data
