running egg_info
writing ../../build/launch_teleop2/launch_teleop2.egg-info/PKG-INFO
writing dependency_links to ../../build/launch_teleop2/launch_teleop2.egg-info/dependency_links.txt
writing entry points to ../../build/launch_teleop2/launch_teleop2.egg-info/entry_points.txt
writing requirements to ../../build/launch_teleop2/launch_teleop2.egg-info/requires.txt
writing top-level names to ../../build/launch_teleop2/launch_teleop2.egg-info/top_level.txt
reading manifest file '../../build/launch_teleop2/launch_teleop2.egg-info/SOURCES.txt'
writing manifest file '../../build/launch_teleop2/launch_teleop2.egg-info/SOURCES.txt'
running build
running build_py
running install
running install_lib
running install_data
creating /home/gabriela/dina_movement_teleop/install/launch_teleop2/share/launch_teleop2/launch
copying launch/teleop_interface_launch2.py -> /home/gabriela/dina_movement_teleop/install/launch_teleop2/share/launch_teleop2/launch
running install_egg_info
removing '/home/gabriela/dina_movement_teleop/install/launch_teleop2/lib/python3.10/site-packages/launch_teleop2-0.0.0-py3.10.egg-info' (and everything under it)
Copying ../../build/launch_teleop2/launch_teleop2.egg-info to /home/gabriela/dina_movement_teleop/install/launch_teleop2/lib/python3.10/site-packages/launch_teleop2-0.0.0-py3.10.egg-info
running install_scripts
Installing teleop_Snode2 script to /home/gabriela/dina_movement_teleop/install/launch_teleop2/lib/launch_teleop2
Installing teleop_interface2 script to /home/gabriela/dina_movement_teleop/install/launch_teleop2/lib/launch_teleop2
Installing teleop_node2 script to /home/gabriela/dina_movement_teleop/install/launch_teleop2/lib/launch_teleop2
writing list of installed files to '/home/gabriela/dina_movement_teleop/build/launch_teleop2/install.log'
