[0.089s] DEBUG:colcon:Command line arguments: ['/usr/bin/colcon', 'list', '-p', '--base-paths', '/home/gabriela/dina_movement_teleop']
[0.089s] DEBUG:colcon:Parsed command line arguments: Namespace(log_base=None, log_level=None, verb_name='list', build_base='build', ignore_user_meta=False, metas=['./colcon.meta'], base_paths=['/home/gabriela/dina_movement_teleop'], packages_ignore=None, packages_ignore_regex=None, paths=None, packages_up_to=None, packages_up_to_regex=None, packages_above=None, packages_above_and_dependencies=None, packages_above_depth=None, packages_select_by_dep=None, packages_skip_by_dep=None, packages_skip_up_to=None, packages_select_build_failed=False, packages_skip_build_finished=False, packages_select_test_failures=False, packages_skip_test_passed=False, packages_select=None, packages_skip=None, packages_select_regex=None, packages_skip_regex=None, packages_start=None, packages_end=None, allow_overriding=[], topological_order=False, names_only=False, paths_only=True, topological_graph=False, topological_graph_dot=False, topological_graph_density=False, topological_graph_legend=False, topological_graph_dot_cluster=False, topological_graph_dot_include_skipped=False, verb_parser=<colcon_defaults.argument_parser.defaults.DefaultArgumentsDecorator object at 0x73e1ea850f70>, verb_extension=<colcon_package_information.verb.list.ListVerb object at 0x73e1ea813fa0>, main=<bound method ListVerb.main of <colcon_package_information.verb.list.ListVerb object at 0x73e1ea813fa0>>)
[0.211s] Level 1:colcon.colcon_core.package_discovery:discover_packages(colcon_meta) check parameters
[0.211s] Level 1:colcon.colcon_core.package_discovery:discover_packages(recursive) check parameters
[0.211s] Level 1:colcon.colcon_core.package_discovery:discover_packages(ignore) check parameters
[0.211s] Level 1:colcon.colcon_core.package_discovery:discover_packages(path) check parameters
[0.211s] Level 1:colcon.colcon_core.package_discovery:discover_packages(recursive) discover
[0.211s] INFO:colcon.colcon_core.package_discovery:Crawling recursively for packages in '/home/gabriela/dina_movement_teleop'
[0.211s] Level 1:colcon.colcon_core.package_identification:_identify(/home/gabriela/dina_movement_teleop) by extensions ['ignore', 'ignore_ament_install']
[0.212s] Level 1:colcon.colcon_core.package_identification:_identify(/home/gabriela/dina_movement_teleop) by extension 'ignore'
[0.212s] Level 1:colcon.colcon_core.package_identification:_identify(/home/gabriela/dina_movement_teleop) by extension 'ignore_ament_install'
[0.212s] Level 1:colcon.colcon_core.package_identification:_identify(/home/gabriela/dina_movement_teleop) by extensions ['colcon_pkg']
[0.212s] Level 1:colcon.colcon_core.package_identification:_identify(/home/gabriela/dina_movement_teleop) by extension 'colcon_pkg'
[0.212s] Level 1:colcon.colcon_core.package_identification:_identify(/home/gabriela/dina_movement_teleop) by extensions ['colcon_meta']
[0.212s] Level 1:colcon.colcon_core.package_identification:_identify(/home/gabriela/dina_movement_teleop) by extension 'colcon_meta'
[0.212s] Level 1:colcon.colcon_core.package_identification:_identify(/home/gabriela/dina_movement_teleop) by extensions ['ros']
[0.212s] Level 1:colcon.colcon_core.package_identification:_identify(/home/gabriela/dina_movement_teleop) by extension 'ros'
[0.221s] Level 1:colcon.colcon_core.package_identification:_identify(/home/gabriela/dina_movement_teleop) by extensions ['cmake', 'python']
[0.222s] Level 1:colcon.colcon_core.package_identification:_identify(/home/gabriela/dina_movement_teleop) by extension 'cmake'
[0.222s] Level 1:colcon.colcon_core.package_identification:_identify(/home/gabriela/dina_movement_teleop) by extension 'python'
[0.222s] Level 1:colcon.colcon_core.package_identification:_identify(/home/gabriela/dina_movement_teleop) by extensions ['python_setup_py']
[0.222s] Level 1:colcon.colcon_core.package_identification:_identify(/home/gabriela/dina_movement_teleop) by extension 'python_setup_py'
[0.222s] Level 1:colcon.colcon_core.package_identification:_identify(/home/gabriela/dina_movement_teleop/build) by extensions ['ignore', 'ignore_ament_install']
[0.222s] Level 1:colcon.colcon_core.package_identification:_identify(/home/gabriela/dina_movement_teleop/build) by extension 'ignore'
[0.222s] Level 1:colcon.colcon_core.package_identification:_identify(/home/gabriela/dina_movement_teleop/build) ignored
[0.222s] Level 1:colcon.colcon_core.package_identification:_identify(/home/gabriela/dina_movement_teleop/install) by extensions ['ignore', 'ignore_ament_install']
[0.222s] Level 1:colcon.colcon_core.package_identification:_identify(/home/gabriela/dina_movement_teleop/install) by extension 'ignore'
[0.222s] Level 1:colcon.colcon_core.package_identification:_identify(/home/gabriela/dina_movement_teleop/install) ignored
[0.222s] Level 1:colcon.colcon_core.package_identification:_identify(/home/gabriela/dina_movement_teleop/log) by extensions ['ignore', 'ignore_ament_install']
[0.222s] Level 1:colcon.colcon_core.package_identification:_identify(/home/gabriela/dina_movement_teleop/log) by extension 'ignore'
[0.222s] Level 1:colcon.colcon_core.package_identification:_identify(/home/gabriela/dina_movement_teleop/log) ignored
[0.222s] Level 1:colcon.colcon_core.package_identification:_identify(/home/gabriela/dina_movement_teleop/robot1) by extensions ['ignore', 'ignore_ament_install']
[0.222s] Level 1:colcon.colcon_core.package_identification:_identify(/home/gabriela/dina_movement_teleop/robot1) by extension 'ignore'
[0.222s] Level 1:colcon.colcon_core.package_identification:_identify(/home/gabriela/dina_movement_teleop/robot1) by extension 'ignore_ament_install'
[0.222s] Level 1:colcon.colcon_core.package_identification:_identify(/home/gabriela/dina_movement_teleop/robot1) by extensions ['colcon_pkg']
[0.222s] Level 1:colcon.colcon_core.package_identification:_identify(/home/gabriela/dina_movement_teleop/robot1) by extension 'colcon_pkg'
[0.222s] Level 1:colcon.colcon_core.package_identification:_identify(/home/gabriela/dina_movement_teleop/robot1) by extensions ['colcon_meta']
[0.222s] Level 1:colcon.colcon_core.package_identification:_identify(/home/gabriela/dina_movement_teleop/robot1) by extension 'colcon_meta'
[0.222s] Level 1:colcon.colcon_core.package_identification:_identify(/home/gabriela/dina_movement_teleop/robot1) by extensions ['ros']
[0.222s] Level 1:colcon.colcon_core.package_identification:_identify(/home/gabriela/dina_movement_teleop/robot1) by extension 'ros'
[0.222s] Level 1:colcon.colcon_core.package_identification:_identify(/home/gabriela/dina_movement_teleop/robot1) by extensions ['cmake', 'python']
[0.222s] Level 1:colcon.colcon_core.package_identification:_identify(/home/gabriela/dina_movement_teleop/robot1) by extension 'cmake'
[0.222s] Level 1:colcon.colcon_core.package_identification:_identify(/home/gabriela/dina_movement_teleop/robot1) by extension 'python'
[0.222s] Level 1:colcon.colcon_core.package_identification:_identify(/home/gabriela/dina_movement_teleop/robot1) by extensions ['python_setup_py']
[0.222s] Level 1:colcon.colcon_core.package_identification:_identify(/home/gabriela/dina_movement_teleop/robot1) by extension 'python_setup_py'
[0.223s] Level 1:colcon.colcon_core.package_identification:_identify(/home/gabriela/dina_movement_teleop/robot2) by extensions ['ignore', 'ignore_ament_install']
[0.223s] Level 1:colcon.colcon_core.package_identification:_identify(/home/gabriela/dina_movement_teleop/robot2) by extension 'ignore'
[0.223s] Level 1:colcon.colcon_core.package_identification:_identify(/home/gabriela/dina_movement_teleop/robot2) by extension 'ignore_ament_install'
[0.223s] Level 1:colcon.colcon_core.package_identification:_identify(/home/gabriela/dina_movement_teleop/robot2) by extensions ['colcon_pkg']
[0.223s] Level 1:colcon.colcon_core.package_identification:_identify(/home/gabriela/dina_movement_teleop/robot2) by extension 'colcon_pkg'
[0.223s] Level 1:colcon.colcon_core.package_identification:_identify(/home/gabriela/dina_movement_teleop/robot2) by extensions ['colcon_meta']
[0.223s] Level 1:colcon.colcon_core.package_identification:_identify(/home/gabriela/dina_movement_teleop/robot2) by extension 'colcon_meta'
[0.223s] Level 1:colcon.colcon_core.package_identification:_identify(/home/gabriela/dina_movement_teleop/robot2) by extensions ['ros']
[0.223s] Level 1:colcon.colcon_core.package_identification:_identify(/home/gabriela/dina_movement_teleop/robot2) by extension 'ros'
[0.223s] Level 1:colcon.colcon_core.package_identification:_identify(/home/gabriela/dina_movement_teleop/robot2) by extensions ['cmake', 'python']
[0.223s] Level 1:colcon.colcon_core.package_identification:_identify(/home/gabriela/dina_movement_teleop/robot2) by extension 'cmake'
[0.223s] Level 1:colcon.colcon_core.package_identification:_identify(/home/gabriela/dina_movement_teleop/robot2) by extension 'python'
[0.223s] Level 1:colcon.colcon_core.package_identification:_identify(/home/gabriela/dina_movement_teleop/robot2) by extensions ['python_setup_py']
[0.223s] Level 1:colcon.colcon_core.package_identification:_identify(/home/gabriela/dina_movement_teleop/robot2) by extension 'python_setup_py'
[0.223s] Level 1:colcon.colcon_core.package_identification:_identify(/home/gabriela/dina_movement_teleop/src) by extensions ['ignore', 'ignore_ament_install']
[0.223s] Level 1:colcon.colcon_core.package_identification:_identify(/home/gabriela/dina_movement_teleop/src) by extension 'ignore'
[0.223s] Level 1:colcon.colcon_core.package_identification:_identify(/home/gabriela/dina_movement_teleop/src) by extension 'ignore_ament_install'
[0.223s] Level 1:colcon.colcon_core.package_identification:_identify(/home/gabriela/dina_movement_teleop/src) by extensions ['colcon_pkg']
[0.223s] Level 1:colcon.colcon_core.package_identification:_identify(/home/gabriela/dina_movement_teleop/src) by extension 'colcon_pkg'
[0.223s] Level 1:colcon.colcon_core.package_identification:_identify(/home/gabriela/dina_movement_teleop/src) by extensions ['colcon_meta']
[0.223s] Level 1:colcon.colcon_core.package_identification:_identify(/home/gabriela/dina_movement_teleop/src) by extension 'colcon_meta'
[0.223s] Level 1:colcon.colcon_core.package_identification:_identify(/home/gabriela/dina_movement_teleop/src) by extensions ['ros']
[0.223s] Level 1:colcon.colcon_core.package_identification:_identify(/home/gabriela/dina_movement_teleop/src) by extension 'ros'
[0.223s] Level 1:colcon.colcon_core.package_identification:_identify(/home/gabriela/dina_movement_teleop/src) by extensions ['cmake', 'python']
[0.223s] Level 1:colcon.colcon_core.package_identification:_identify(/home/gabriela/dina_movement_teleop/src) by extension 'cmake'
[0.223s] Level 1:colcon.colcon_core.package_identification:_identify(/home/gabriela/dina_movement_teleop/src) by extension 'python'
[0.223s] Level 1:colcon.colcon_core.package_identification:_identify(/home/gabriela/dina_movement_teleop/src) by extensions ['python_setup_py']
[0.223s] Level 1:colcon.colcon_core.package_identification:_identify(/home/gabriela/dina_movement_teleop/src) by extension 'python_setup_py'
[0.223s] Level 1:colcon.colcon_core.package_identification:_identify(/home/gabriela/dina_movement_teleop/src/build) by extensions ['ignore', 'ignore_ament_install']
[0.223s] Level 1:colcon.colcon_core.package_identification:_identify(/home/gabriela/dina_movement_teleop/src/build) by extension 'ignore'
[0.224s] Level 1:colcon.colcon_core.package_identification:_identify(/home/gabriela/dina_movement_teleop/src/build) ignored
[0.224s] Level 1:colcon.colcon_core.package_identification:_identify(/home/gabriela/dina_movement_teleop/src/install) by extensions ['ignore', 'ignore_ament_install']
[0.224s] Level 1:colcon.colcon_core.package_identification:_identify(/home/gabriela/dina_movement_teleop/src/install) by extension 'ignore'
[0.224s] Level 1:colcon.colcon_core.package_identification:_identify(/home/gabriela/dina_movement_teleop/src/install) ignored
[0.224s] Level 1:colcon.colcon_core.package_identification:_identify(/home/gabriela/dina_movement_teleop/src/launch_teleop) by extensions ['ignore', 'ignore_ament_install']
[0.224s] Level 1:colcon.colcon_core.package_identification:_identify(/home/gabriela/dina_movement_teleop/src/launch_teleop) by extension 'ignore'
[0.224s] Level 1:colcon.colcon_core.package_identification:_identify(/home/gabriela/dina_movement_teleop/src/launch_teleop) by extension 'ignore_ament_install'
[0.224s] Level 1:colcon.colcon_core.package_identification:_identify(/home/gabriela/dina_movement_teleop/src/launch_teleop) by extensions ['colcon_pkg']
[0.224s] Level 1:colcon.colcon_core.package_identification:_identify(/home/gabriela/dina_movement_teleop/src/launch_teleop) by extension 'colcon_pkg'
[0.224s] Level 1:colcon.colcon_core.package_identification:_identify(/home/gabriela/dina_movement_teleop/src/launch_teleop) by extensions ['colcon_meta']
[0.224s] Level 1:colcon.colcon_core.package_identification:_identify(/home/gabriela/dina_movement_teleop/src/launch_teleop) by extension 'colcon_meta'
[0.224s] Level 1:colcon.colcon_core.package_identification:_identify(/home/gabriela/dina_movement_teleop/src/launch_teleop) by extensions ['ros']
[0.224s] Level 1:colcon.colcon_core.package_identification:_identify(/home/gabriela/dina_movement_teleop/src/launch_teleop) by extension 'ros'
[0.226s] DEBUG:colcon.colcon_core.package_identification:Package '/home/gabriela/dina_movement_teleop/src/launch_teleop' with type 'ros.ament_python' and name 'launch_teleop'
[0.226s] Level 1:colcon.colcon_core.package_identification:_identify(/home/gabriela/dina_movement_teleop/src/log) by extensions ['ignore', 'ignore_ament_install']
[0.226s] Level 1:colcon.colcon_core.package_identification:_identify(/home/gabriela/dina_movement_teleop/src/log) by extension 'ignore'
[0.226s] Level 1:colcon.colcon_core.package_identification:_identify(/home/gabriela/dina_movement_teleop/src/log) ignored
[0.226s] Level 1:colcon.colcon_core.package_identification:_identify(/home/gabriela/dina_movement_teleop/src/robot_mqtt) by extensions ['ignore', 'ignore_ament_install']
[0.226s] Level 1:colcon.colcon_core.package_identification:_identify(/home/gabriela/dina_movement_teleop/src/robot_mqtt) by extension 'ignore'
[0.226s] Level 1:colcon.colcon_core.package_identification:_identify(/home/gabriela/dina_movement_teleop/src/robot_mqtt) by extension 'ignore_ament_install'
[0.226s] Level 1:colcon.colcon_core.package_identification:_identify(/home/gabriela/dina_movement_teleop/src/robot_mqtt) by extensions ['colcon_pkg']
[0.226s] Level 1:colcon.colcon_core.package_identification:_identify(/home/gabriela/dina_movement_teleop/src/robot_mqtt) by extension 'colcon_pkg'
[0.227s] Level 1:colcon.colcon_core.package_identification:_identify(/home/gabriela/dina_movement_teleop/src/robot_mqtt) by extensions ['colcon_meta']
[0.227s] Level 1:colcon.colcon_core.package_identification:_identify(/home/gabriela/dina_movement_teleop/src/robot_mqtt) by extension 'colcon_meta'
[0.227s] Level 1:colcon.colcon_core.package_identification:_identify(/home/gabriela/dina_movement_teleop/src/robot_mqtt) by extensions ['ros']
[0.227s] Level 1:colcon.colcon_core.package_identification:_identify(/home/gabriela/dina_movement_teleop/src/robot_mqtt) by extension 'ros'
[0.227s] DEBUG:colcon.colcon_core.package_identification:Package '/home/gabriela/dina_movement_teleop/src/robot_mqtt' with type 'ros.ament_python' and name 'robot_mqtt'
[0.227s] Level 1:colcon.colcon_core.package_discovery:discover_packages(recursive) using defaults
