/home/gabriela/dina_movement_teleop/install/launch_teleop/lib/python3.10/site-packages/launch_teleop/teleop_node.py
/home/gabriela/dina_movement_teleop/install/launch_teleop/lib/python3.10/site-packages/launch_teleop/teleop_interface.py
/home/gabriela/dina_movement_teleop/install/launch_teleop/lib/python3.10/site-packages/launch_teleop/teleop.Snode.py
/home/gabriela/dina_movement_teleop/install/launch_teleop/lib/python3.10/site-packages/launch_teleop/__init__.py
/home/gabriela/dina_movement_teleop/install/launch_teleop/lib/python3.10/site-packages/launch_teleop/__pycache__/teleop_node.cpython-310.pyc
/home/gabriela/dina_movement_teleop/install/launch_teleop/lib/python3.10/site-packages/launch_teleop/__pycache__/teleop_interface.cpython-310.pyc
/home/gabriela/dina_movement_teleop/install/launch_teleop/lib/python3.10/site-packages/launch_teleop/__pycache__/teleop.Snode.cpython-310.pyc
/home/gabriela/dina_movement_teleop/install/launch_teleop/lib/python3.10/site-packages/launch_teleop/__pycache__/__init__.cpython-310.pyc
/home/gabriela/dina_movement_teleop/install/launch_teleop/share/ament_index/resource_index/packages/launch_teleop
/home/gabriela/dina_movement_teleop/install/launch_teleop/share/launch_teleop/package.xml
/home/gabriela/dina_movement_teleop/install/launch_teleop/share/launch_teleop/launch/teleop_interface_launch.py
/home/gabriela/dina_movement_teleop/install/launch_teleop/lib/python3.10/site-packages/launch_teleop-0.0.0-py3.10.egg-info/SOURCES.txt
/home/gabriela/dina_movement_teleop/install/launch_teleop/lib/python3.10/site-packages/launch_teleop-0.0.0-py3.10.egg-info/zip-safe
/home/gabriela/dina_movement_teleop/install/launch_teleop/lib/python3.10/site-packages/launch_teleop-0.0.0-py3.10.egg-info/requires.txt
/home/gabriela/dina_movement_teleop/install/launch_teleop/lib/python3.10/site-packages/launch_teleop-0.0.0-py3.10.egg-info/top_level.txt
/home/gabriela/dina_movement_teleop/install/launch_teleop/lib/python3.10/site-packages/launch_teleop-0.0.0-py3.10.egg-info/entry_points.txt
/home/gabriela/dina_movement_teleop/install/launch_teleop/lib/python3.10/site-packages/launch_teleop-0.0.0-py3.10.egg-info/dependency_links.txt
/home/gabriela/dina_movement_teleop/install/launch_teleop/lib/python3.10/site-packages/launch_teleop-0.0.0-py3.10.egg-info/PKG-INFO
/home/gabriela/dina_movement_teleop/install/launch_teleop/lib/launch_teleop/teleop_Snode
/home/gabriela/dina_movement_teleop/install/launch_teleop/lib/launch_teleop/teleop_interface
/home/gabriela/dina_movement_teleop/install/launch_teleop/lib/launch_teleop/teleop_node
