[0.313s] Invoking command in '/home/gabriela/ros3_ws/src/robot_mqtt': PYTHONPATH=/home/gabriela/ros3_ws/src/build/robot_mqtt/prefix_override:/usr/lib/python3/dist-packages/colcon_core/task/python/colcon_distutils_commands:/home/gabriela/ros3_ws/src/install/robot_mqtt/lib/python3.10/site-packages:${PYTHONPATH} /usr/bin/python3 -W ignore:setup.py install is deprecated -W ignore:easy_install command is deprecated setup.py egg_info --egg-base ../build/robot_mqtt build --build-base /home/gabriela/ros3_ws/src/build/robot_mqtt/build install --record /home/gabriela/ros3_ws/src/build/robot_mqtt/install.log --single-version-externally-managed install_data
[0.435s] running egg_info
[0.435s] writing ../build/robot_mqtt/robot_mqtt.egg-info/PKG-INFO
[0.436s] writing dependency_links to ../build/robot_mqtt/robot_mqtt.egg-info/dependency_links.txt
[0.436s] writing entry points to ../build/robot_mqtt/robot_mqtt.egg-info/entry_points.txt
[0.436s] writing requirements to ../build/robot_mqtt/robot_mqtt.egg-info/requires.txt
[0.436s] writing top-level names to ../build/robot_mqtt/robot_mqtt.egg-info/top_level.txt
[0.436s] reading manifest file '../build/robot_mqtt/robot_mqtt.egg-info/SOURCES.txt'
[0.437s] writing manifest file '../build/robot_mqtt/robot_mqtt.egg-info/SOURCES.txt'
[0.437s] running build
[0.437s] running build_py
[0.437s] running install
[0.437s] running install_lib
[0.438s] running install_data
[0.438s] running install_egg_info
[0.439s] removing '/home/gabriela/ros3_ws/src/install/robot_mqtt/lib/python3.10/site-packages/robot_mqtt-0.0.1-py3.10.egg-info' (and everything under it)
[0.439s] Copying ../build/robot_mqtt/robot_mqtt.egg-info to /home/gabriela/ros3_ws/src/install/robot_mqtt/lib/python3.10/site-packages/robot_mqtt-0.0.1-py3.10.egg-info
[0.440s] running install_scripts
[0.458s] Installing movement_node script to /home/gabriela/ros3_ws/src/install/robot_mqtt/lib/robot_mqtt
[0.458s] Installing robot_mqtt script to /home/gabriela/ros3_ws/src/install/robot_mqtt/lib/robot_mqtt
[0.458s] Installing teleop_interface script to /home/gabriela/ros3_ws/src/install/robot_mqtt/lib/robot_mqtt
[0.458s] Installing teleop_node script to /home/gabriela/ros3_ws/src/install/robot_mqtt/lib/robot_mqtt
[0.458s] writing list of installed files to '/home/gabriela/ros3_ws/src/build/robot_mqtt/install.log'
[0.472s] Invoked command in '/home/gabriela/ros3_ws/src/robot_mqtt' returned '0': PYTHONPATH=/home/gabriela/ros3_ws/src/build/robot_mqtt/prefix_override:/usr/lib/python3/dist-packages/colcon_core/task/python/colcon_distutils_commands:/home/gabriela/ros3_ws/src/install/robot_mqtt/lib/python3.10/site-packages:${PYTHONPATH} /usr/bin/python3 -W ignore:setup.py install is deprecated -W ignore:easy_install command is deprecated setup.py egg_info --egg-base ../build/robot_mqtt build --build-base /home/gabriela/ros3_ws/src/build/robot_mqtt/build install --record /home/gabriela/ros3_ws/src/build/robot_mqtt/install.log --single-version-externally-managed install_data
