running egg_info
creating ../build/robot_mqtt/robot_mqtt.egg-info
writing ../build/robot_mqtt/robot_mqtt.egg-info/PKG-INFO
writing dependency_links to ../build/robot_mqtt/robot_mqtt.egg-info/dependency_links.txt
writing entry points to ../build/robot_mqtt/robot_mqtt.egg-info/entry_points.txt
writing requirements to ../build/robot_mqtt/robot_mqtt.egg-info/requires.txt
writing top-level names to ../build/robot_mqtt/robot_mqtt.egg-info/top_level.txt
writing manifest file '../build/robot_mqtt/robot_mqtt.egg-info/SOURCES.txt'
reading manifest file '../build/robot_mqtt/robot_mqtt.egg-info/SOURCES.txt'
writing manifest file '../build/robot_mqtt/robot_mqtt.egg-info/SOURCES.txt'
running build
running build_py
creating /home/gabriela/ros3_ws/src/build/robot_mqtt/build
creating /home/gabriela/ros3_ws/src/build/robot_mqtt/build/lib
creating /home/gabriela/ros3_ws/src/build/robot_mqtt/build/lib/robot_mqtt
copying robot_mqtt/teleop_node.py -> /home/gabriela/ros3_ws/src/build/robot_mqtt/build/lib/robot_mqtt
copying robot_mqtt/teleop_interface.py -> /home/gabriela/ros3_ws/src/build/robot_mqtt/build/lib/robot_mqtt
copying robot_mqtt/movement_node.py -> /home/gabriela/ros3_ws/src/build/robot_mqtt/build/lib/robot_mqtt
copying robot_mqtt/__init__.py -> /home/gabriela/ros3_ws/src/build/robot_mqtt/build/lib/robot_mqtt
running install
running install_lib
creating /home/gabriela/ros3_ws/src/install/robot_mqtt/lib/python3.10/site-packages/robot_mqtt
copying /home/gabriela/ros3_ws/src/build/robot_mqtt/build/lib/robot_mqtt/teleop_node.py -> /home/gabriela/ros3_ws/src/install/robot_mqtt/lib/python3.10/site-packages/robot_mqtt
copying /home/gabriela/ros3_ws/src/build/robot_mqtt/build/lib/robot_mqtt/teleop_interface.py -> /home/gabriela/ros3_ws/src/install/robot_mqtt/lib/python3.10/site-packages/robot_mqtt
copying /home/gabriela/ros3_ws/src/build/robot_mqtt/build/lib/robot_mqtt/movement_node.py -> /home/gabriela/ros3_ws/src/install/robot_mqtt/lib/python3.10/site-packages/robot_mqtt
copying /home/gabriela/ros3_ws/src/build/robot_mqtt/build/lib/robot_mqtt/__init__.py -> /home/gabriela/ros3_ws/src/install/robot_mqtt/lib/python3.10/site-packages/robot_mqtt
byte-compiling /home/gabriela/ros3_ws/src/install/robot_mqtt/lib/python3.10/site-packages/robot_mqtt/teleop_node.py to teleop_node.cpython-310.pyc
byte-compiling /home/gabriela/ros3_ws/src/install/robot_mqtt/lib/python3.10/site-packages/robot_mqtt/teleop_interface.py to teleop_interface.cpython-310.pyc
byte-compiling /home/gabriela/ros3_ws/src/install/robot_mqtt/lib/python3.10/site-packages/robot_mqtt/movement_node.py to movement_node.cpython-310.pyc
byte-compiling /home/gabriela/ros3_ws/src/install/robot_mqtt/lib/python3.10/site-packages/robot_mqtt/__init__.py to __init__.cpython-310.pyc
running install_egg_info
Copying ../build/robot_mqtt/robot_mqtt.egg-info to /home/gabriela/ros3_ws/src/install/robot_mqtt/lib/python3.10/site-packages/robot_mqtt-0.0.1-py3.10.egg-info
running install_scripts
Installing movement_node script to /home/gabriela/ros3_ws/src/install/robot_mqtt/lib/robot_mqtt
Installing robot_mqtt script to /home/gabriela/ros3_ws/src/install/robot_mqtt/lib/robot_mqtt
Installing teleop_interface script to /home/gabriela/ros3_ws/src/install/robot_mqtt/lib/robot_mqtt
Installing teleop_node script to /home/gabriela/ros3_ws/src/install/robot_mqtt/lib/robot_mqtt
writing list of installed files to '/home/gabriela/ros3_ws/src/build/robot_mqtt/install.log'
