/home/gabriela/ros3_ws/src/install/robot_mqtt/lib/python3.10/site-packages/robot_mqtt/teleop_node.py
/home/gabriela/ros3_ws/src/install/robot_mqtt/lib/python3.10/site-packages/robot_mqtt/teleop_interface.py
/home/gabriela/ros3_ws/src/install/robot_mqtt/lib/python3.10/site-packages/robot_mqtt/movement_node.py
/home/gabriela/ros3_ws/src/install/robot_mqtt/lib/python3.10/site-packages/robot_mqtt/__init__.py
/home/gabriela/ros3_ws/src/install/robot_mqtt/lib/python3.10/site-packages/robot_mqtt/__pycache__/teleop_node.cpython-310.pyc
/home/gabriela/ros3_ws/src/install/robot_mqtt/lib/python3.10/site-packages/robot_mqtt/__pycache__/teleop_interface.cpython-310.pyc
/home/gabriela/ros3_ws/src/install/robot_mqtt/lib/python3.10/site-packages/robot_mqtt/__pycache__/movement_node.cpython-310.pyc
/home/gabriela/ros3_ws/src/install/robot_mqtt/lib/python3.10/site-packages/robot_mqtt/__pycache__/__init__.cpython-310.pyc
/home/gabriela/ros3_ws/src/install/robot_mqtt/share/ament_index/resource_index/packages/robot_mqtt
/home/gabriela/ros3_ws/src/install/robot_mqtt/share/robot_mqtt/package.xml
/home/gabriela/ros3_ws/src/install/robot_mqtt/lib/python3.10/site-packages/robot_mqtt-0.0.1-py3.10.egg-info/SOURCES.txt
/home/gabriela/ros3_ws/src/install/robot_mqtt/lib/python3.10/site-packages/robot_mqtt-0.0.1-py3.10.egg-info/zip-safe
/home/gabriela/ros3_ws/src/install/robot_mqtt/lib/python3.10/site-packages/robot_mqtt-0.0.1-py3.10.egg-info/requires.txt
/home/gabriela/ros3_ws/src/install/robot_mqtt/lib/python3.10/site-packages/robot_mqtt-0.0.1-py3.10.egg-info/top_level.txt
/home/gabriela/ros3_ws/src/install/robot_mqtt/lib/python3.10/site-packages/robot_mqtt-0.0.1-py3.10.egg-info/entry_points.txt
/home/gabriela/ros3_ws/src/install/robot_mqtt/lib/python3.10/site-packages/robot_mqtt-0.0.1-py3.10.egg-info/dependency_links.txt
/home/gabriela/ros3_ws/src/install/robot_mqtt/lib/python3.10/site-packages/robot_mqtt-0.0.1-py3.10.egg-info/PKG-INFO
/home/gabriela/ros3_ws/src/install/robot_mqtt/lib/robot_mqtt/movement_node
/home/gabriela/ros3_ws/src/install/robot_mqtt/lib/robot_mqtt/robot_mqtt
/home/gabriela/ros3_ws/src/install/robot_mqtt/lib/robot_mqtt/teleop_interface
/home/gabriela/ros3_ws/src/install/robot_mqtt/lib/robot_mqtt/teleop_node
