[0.607s] Invoking command in '/home/gabriela/dina_movement_teleop/src/launch_teleop2': PYTHONPATH=/home/gabriela/dina_movement_teleop/build/launch_teleop2/prefix_override:/usr/lib/python3/dist-packages/colcon_core/task/python/colcon_distutils_commands:/home/gabriela/dina_movement_teleop/install/launch_teleop2/lib/python3.10/site-packages:${PYTHONPATH} /usr/bin/python3 -W ignore:setup.py install is deprecated -W ignore:easy_install command is deprecated setup.py egg_info --egg-base ../../build/launch_teleop2 build --build-base /home/gabriela/dina_movement_teleop/build/launch_teleop2/build install --record /home/gabriela/dina_movement_teleop/build/launch_teleop2/install.log --single-version-externally-managed install_data
[0.753s] running egg_info
[0.754s] writing ../../build/launch_teleop2/launch_teleop2.egg-info/PKG-INFO
[0.754s] writing dependency_links to ../../build/launch_teleop2/launch_teleop2.egg-info/dependency_links.txt
[0.754s] writing entry points to ../../build/launch_teleop2/launch_teleop2.egg-info/entry_points.txt
[0.754s] writing requirements to ../../build/launch_teleop2/launch_teleop2.egg-info/requires.txt
[0.755s] writing top-level names to ../../build/launch_teleop2/launch_teleop2.egg-info/top_level.txt
[0.755s] reading manifest file '../../build/launch_teleop2/launch_teleop2.egg-info/SOURCES.txt'
[0.756s] writing manifest file '../../build/launch_teleop2/launch_teleop2.egg-info/SOURCES.txt'
[0.756s] running build
[0.756s] running build_py
[0.756s] running install
[0.757s] running install_lib
[0.757s] running install_data
[0.757s] copying resource/launch_teleop2 -> /home/gabriela/dina_movement_teleop/install/launch_teleop2/share/ament_index/resource_index/packages
[0.758s] copying package.xml -> /home/gabriela/dina_movement_teleop/install/launch_teleop2/share/launch_teleop2
[0.758s] creating /home/gabriela/dina_movement_teleop/install/launch_teleop2/share/launch_teleop2/launch
[0.758s] copying launch/teleop_interface_launch2.py -> /home/gabriela/dina_movement_teleop/install/launch_teleop2/share/launch_teleop2/launch
[0.758s] running install_egg_info
[0.759s] Copying ../../build/launch_teleop2/launch_teleop2.egg-info to /home/gabriela/dina_movement_teleop/install/launch_teleop2/lib/python3.10/site-packages/launch_teleop2-0.0.0-py3.10.egg-info
[0.759s] running install_scripts
[0.772s] Installing teleop_Snode2 script to /home/gabriela/dina_movement_teleop/install/launch_teleop2/lib/launch_teleop
[0.772s] Installing teleop_interface2 script to /home/gabriela/dina_movement_teleop/install/launch_teleop2/lib/launch_teleop
[0.772s] Installing teleop_node2 script to /home/gabriela/dina_movement_teleop/install/launch_teleop2/lib/launch_teleop
[0.772s] writing list of installed files to '/home/gabriela/dina_movement_teleop/build/launch_teleop2/install.log'
[0.788s] Invoked command in '/home/gabriela/dina_movement_teleop/src/launch_teleop2' returned '0': PYTHONPATH=/home/gabriela/dina_movement_teleop/build/launch_teleop2/prefix_override:/usr/lib/python3/dist-packages/colcon_core/task/python/colcon_distutils_commands:/home/gabriela/dina_movement_teleop/install/launch_teleop2/lib/python3.10/site-packages:${PYTHONPATH} /usr/bin/python3 -W ignore:setup.py install is deprecated -W ignore:easy_install command is deprecated setup.py egg_info --egg-base ../../build/launch_teleop2 build --build-base /home/gabriela/dina_movement_teleop/build/launch_teleop2/build install --record /home/gabriela/dina_movement_teleop/build/launch_teleop2/install.log --single-version-externally-managed install_data
