/home/gabriela/dina_movement_teleop/install/launch_teleop2/lib/python3.10/site-packages/launch_teleop2/teleop_node2.py
/home/gabriela/dina_movement_teleop/install/launch_teleop2/lib/python3.10/site-packages/launch_teleop2/teleop_interface2.py
/home/gabriela/dina_movement_teleop/install/launch_teleop2/lib/python3.10/site-packages/launch_teleop2/teleop_Snode2.py
/home/gabriela/dina_movement_teleop/install/launch_teleop2/lib/python3.10/site-packages/launch_teleop2/__init__.py
/home/gabriela/dina_movement_teleop/install/launch_teleop2/lib/python3.10/site-packages/launch_teleop2/__pycache__/teleop_node2.cpython-310.pyc
/home/gabriela/dina_movement_teleop/install/launch_teleop2/lib/python3.10/site-packages/launch_teleop2/__pycache__/teleop_interface2.cpython-310.pyc
/home/gabriela/dina_movement_teleop/install/launch_teleop2/lib/python3.10/site-packages/launch_teleop2/__pycache__/teleop_Snode2.cpython-310.pyc
/home/gabriela/dina_movement_teleop/install/launch_teleop2/lib/python3.10/site-packages/launch_teleop2/__pycache__/__init__.cpython-310.pyc
/home/gabriela/dina_movement_teleop/install/launch_teleop2/share/ament_index/resource_index/packages/launch_teleop2
/home/gabriela/dina_movement_teleop/install/launch_teleop2/share/launch_teleop2/package.xml
/home/gabriela/dina_movement_teleop/install/launch_teleop2/share/launch_teleop2/launch/teleop_interface_launch2.py
/home/gabriela/dina_movement_teleop/install/launch_teleop2/lib/python3.10/site-packages/launch_teleop2-0.0.0-py3.10.egg-info/SOURCES.txt
/home/gabriela/dina_movement_teleop/install/launch_teleop2/lib/python3.10/site-packages/launch_teleop2-0.0.0-py3.10.egg-info/zip-safe
/home/gabriela/dina_movement_teleop/install/launch_teleop2/lib/python3.10/site-packages/launch_teleop2-0.0.0-py3.10.egg-info/requires.txt
/home/gabriela/dina_movement_teleop/install/launch_teleop2/lib/python3.10/site-packages/launch_teleop2-0.0.0-py3.10.egg-info/top_level.txt
/home/gabriela/dina_movement_teleop/install/launch_teleop2/lib/python3.10/site-packages/launch_teleop2-0.0.0-py3.10.egg-info/entry_points.txt
/home/gabriela/dina_movement_teleop/install/launch_teleop2/lib/python3.10/site-packages/launch_teleop2-0.0.0-py3.10.egg-info/dependency_links.txt
/home/gabriela/dina_movement_teleop/install/launch_teleop2/lib/python3.10/site-packages/launch_teleop2-0.0.0-py3.10.egg-info/PKG-INFO
/home/gabriela/dina_movement_teleop/install/launch_teleop2/lib/launch_teleop2/teleop_Snode2
/home/gabriela/dina_movement_teleop/install/launch_teleop2/lib/launch_teleop2/teleop_interface2
/home/gabriela/dina_movement_teleop/install/launch_teleop2/lib/launch_teleop2/teleop_node2
