running egg_info
writing ../../build/launch_teleop/launch_teleop.egg-info/PKG-INFO
writing dependency_links to ../../build/launch_teleop/launch_teleop.egg-info/dependency_links.txt
writing entry points to ../../build/launch_teleop/launch_teleop.egg-info/entry_points.txt
writing requirements to ../../build/launch_teleop/launch_teleop.egg-info/requires.txt
writing top-level names to ../../build/launch_teleop/launch_teleop.egg-info/top_level.txt
reading manifest file '../../build/launch_teleop/launch_teleop.egg-info/SOURCES.txt'
writing manifest file '../../build/launch_teleop/launch_teleop.egg-info/SOURCES.txt'
running build
running build_py
running install
running install_lib
running install_data
running install_egg_info
removing '/home/gabriela/dina_movement_teleop/install/launch_teleop/lib/python3.10/site-packages/launch_teleop-0.0.0-py3.10.egg-info' (and everything under it)
Copying ../../build/launch_teleop/launch_teleop.egg-info to /home/gabriela/dina_movement_teleop/install/launch_teleop/lib/python3.10/site-packages/launch_teleop-0.0.0-py3.10.egg-info
running install_scripts
Installing teleop_Snode script to /home/gabriela/dina_movement_teleop/install/launch_teleop/lib/launch_teleop
Installing teleop_interface script to /home/gabriela/dina_movement_teleop/install/launch_teleop/lib/launch_teleop
Installing teleop_node script to /home/gabriela/dina_movement_teleop/install/launch_teleop/lib/launch_teleop
writing list of installed files to '/home/gabriela/dina_movement_teleop/build/launch_teleop/install.log'
