[0.408s] Invoking command in '/home/gabriela/ros3_ws/src/robot_mqtt': PYTHONPATH=/home/gabriela/ros3_ws/build/robot_mqtt/prefix_override:/usr/lib/python3/dist-packages/colcon_core/task/python/colcon_distutils_commands:/home/gabriela/ros3_ws/install/robot_mqtt/lib/python3.10/site-packages:${PYTHONPATH} /usr/bin/python3 -W ignore:setup.py install is deprecated -W ignore:easy_install command is deprecated setup.py egg_info --egg-base ../../build/robot_mqtt build --build-base /home/gabriela/ros3_ws/build/robot_mqtt/build install --record /home/gabriela/ros3_ws/build/robot_mqtt/install.log --single-version-externally-managed install_data
[0.536s] running egg_info
[0.537s] writing ../../build/robot_mqtt/robot_mqtt.egg-info/PKG-INFO
[0.537s] writing dependency_links to ../../build/robot_mqtt/robot_mqtt.egg-info/dependency_links.txt
[0.537s] writing entry points to ../../build/robot_mqtt/robot_mqtt.egg-info/entry_points.txt
[0.537s] writing requirements to ../../build/robot_mqtt/robot_mqtt.egg-info/requires.txt
[0.537s] writing top-level names to ../../build/robot_mqtt/robot_mqtt.egg-info/top_level.txt
[0.538s] reading manifest file '../../build/robot_mqtt/robot_mqtt.egg-info/SOURCES.txt'
[0.539s] writing manifest file '../../build/robot_mqtt/robot_mqtt.egg-info/SOURCES.txt'
[0.539s] running build
[0.539s] running build_py
[0.539s] copying robot_mqtt/teleop_node.py -> /home/gabriela/ros3_ws/build/robot_mqtt/build/lib/robot_mqtt
[0.539s] copying robot_mqtt/teleop_interface.py -> /home/gabriela/ros3_ws/build/robot_mqtt/build/lib/robot_mqtt
[0.539s] running install
[0.539s] running install_lib
[0.540s] copying /home/gabriela/ros3_ws/build/robot_mqtt/build/lib/robot_mqtt/teleop_node.py -> /home/gabriela/ros3_ws/install/robot_mqtt/lib/python3.10/site-packages/robot_mqtt
[0.540s] copying /home/gabriela/ros3_ws/build/robot_mqtt/build/lib/robot_mqtt/teleop_interface.py -> /home/gabriela/ros3_ws/install/robot_mqtt/lib/python3.10/site-packages/robot_mqtt
[0.540s] byte-compiling /home/gabriela/ros3_ws/install/robot_mqtt/lib/python3.10/site-packages/robot_mqtt/teleop_node.py to teleop_node.cpython-310.pyc
[0.540s] byte-compiling /home/gabriela/ros3_ws/install/robot_mqtt/lib/python3.10/site-packages/robot_mqtt/teleop_interface.py to teleop_interface.cpython-310.pyc
[0.541s] running install_data
[0.541s] copying package.xml -> /home/gabriela/ros3_ws/install/robot_mqtt/share/robot_mqtt
[0.541s] running install_egg_info
[0.542s] removing '/home/gabriela/ros3_ws/install/robot_mqtt/lib/python3.10/site-packages/robot_mqtt-0.0.1-py3.10.egg-info' (and everything under it)
[0.542s] Copying ../../build/robot_mqtt/robot_mqtt.egg-info to /home/gabriela/ros3_ws/install/robot_mqtt/lib/python3.10/site-packages/robot_mqtt-0.0.1-py3.10.egg-info
[0.543s] running install_scripts
[0.556s] Installing movement_node script to /home/gabriela/ros3_ws/install/robot_mqtt/lib/robot_mqtt
[0.556s] Installing robot_mqtt script to /home/gabriela/ros3_ws/install/robot_mqtt/lib/robot_mqtt
[0.556s] Installing teleop_interface script to /home/gabriela/ros3_ws/install/robot_mqtt/lib/robot_mqtt
[0.556s] Installing teleop_node script to /home/gabriela/ros3_ws/install/robot_mqtt/lib/robot_mqtt
[0.557s] writing list of installed files to '/home/gabriela/ros3_ws/build/robot_mqtt/install.log'
[0.571s] Invoked command in '/home/gabriela/ros3_ws/src/robot_mqtt' returned '0': PYTHONPATH=/home/gabriela/ros3_ws/build/robot_mqtt/prefix_override:/usr/lib/python3/dist-packages/colcon_core/task/python/colcon_distutils_commands:/home/gabriela/ros3_ws/install/robot_mqtt/lib/python3.10/site-packages:${PYTHONPATH} /usr/bin/python3 -W ignore:setup.py install is deprecated -W ignore:easy_install command is deprecated setup.py egg_info --egg-base ../../build/robot_mqtt build --build-base /home/gabriela/ros3_ws/build/robot_mqtt/build install --record /home/gabriela/ros3_ws/build/robot_mqtt/install.log --single-version-externally-managed install_data
